<?xml version="1.0" encoding="UTF-8"?>
<!-- Generated by org.testng.reporters.JUnitReportReporter -->
<testsuite skipped="1" hostname="sekhar" name="parameter.dataprovider.CreateLeadWdMethodsImple" tests="3" failures="0" timestamp="08 Apr 2018 07:36:12 GMT" time="31.434" errors="1">
  <testcase name="close" time="16.635" classname="parameter.dataprovider.CreateLeadWdMethodsImple">
    <error type="java.lang.StackOverflowError">
      <![CDATA[java.lang.StackOverflowErrorat wdMethods.TestLeafProjectMethods.close(TestLeafProjectMethods.java:28)at wdMethods.TestLeafProjectMethods.close(TestLeafProjectMethods.java:28)at wdMethods.TestLeafProjectMethods.close(TestLeafProjectMethods.java:28)at wdMethods.TestLeafProjectMethods.close(TestLeafProjectMethods.java:28)at wdMethods.TestLeafProjectMethods.close(TestLeafProjectMethods.java:28)at wdMethods.TestLeafProjectMethods.close(TestLeafProjectMethods.java:28)at wdMethods.TestLeafProjectMethods.close(TestLeafProjectMethods.java:28)at wdMethods.TestLeafProjectMethods.close(TestLeafProjectMethods.java:28)at wdMethods.TestLeafProjectMethods.close(TestLeafProjectMethods.java:28)at wdMethods.TestLeafProjectMethods.close(TestLeafProjectMethods.java:28)at wdMethods.TestLeafProjectMethods.close(TestLeafProjectMethods.java:28)at wdMethods.TestLeafProjectMethods.close(TestLeafProjectMethods.java:28)at wdMethods.TestLeafProjectMethods.close(TestLeafProjectMethods.java:28)at wdMethods.TestLeafProjectMethods.close(TestLeafProjectMethods.java:28)at wdMethods.TestLeafProjectMethods.close(TestLeafProjectMethods.java:28)at wdMethods.TestLeafProjectMethods.close(TestLeafProjectMethods.java:28)at wdMethods.TestLeafProjectMethods.close(TestLeafProjectMethods.java:28)at wdMethods.TestLeafProjectMethods.close(TestLeafProjectMethods.java:28)at wdMethods.TestLeafProjectMethods.close(TestLeafProjectMethods.java:28)at wdMethods.TestLeafProjectMethods.close(TestLeafProjectMethods.java:28)at wdMethods.TestLeafProjectMethods.close(TestLeafProjectMethods.java:28)at wdMethods.TestLeafProjectMethods.close(TestLeafProjectMethods.java:28)at wdMethods.TestLeafProjectMethods.close(TestLeafProjectMethods.java:28)at wdMethods.TestLeafProjectMethods.close(TestLeafProjectMethods.java:28)at wdMethods.TestLeafProjectMethods.close(TestLeafProjectMethods.java:28)at wdMethods.TestLeafProjectMethods.close(TestLeafProjectMethods.java:28)at wdMethods.TestLeafProjectMethods.close(TestLeafProjectMethods.java:28)at wdMethods.TestLeafProjectMethods.close(TestLeafProjectMethods.java:28)at wdMethods.TestLeafProjectMethods.close(TestLeafProjectMethods.java:28)at wdMethods.TestLeafProjectMethods.close(TestLeafProjectMethods.java:28)at wdMethods.TestLeafProjectMethods.close(TestLeafProjectMethods.java:28)at wdMethods.TestLeafProjectMethods.close(TestLeafProjectMethods.java:28)at wdMethods.TestLeafProjectMethods.close(TestLeafProjectMethods.java:28)at wdMethods.TestLeafProjectMethods.close(TestLeafProjectMethods.java:28)at wdMethods.TestLeafProjectMethods.close(TestLeafProjectMethods.java:28)at wdMethods.TestLeafProjectMethods.close(TestLeafProjectMethods.java:28)at wdMethods.TestLeafProjectMethods.close(TestLeafProjectMethods.java:28)at wdMethods.TestLeafProjectMethods.close(TestLeafProjectMethods.java:28)at wdMethods.TestLeafProjectMethods.close(TestLeafProjectMethods.java:28)at wdMethods.TestLeafProjectMethods.close(TestLeafProjectMethods.java:28)at wdMethods.TestLeafProjectMethods.close(TestLeafProjectMethods.java:28)at wdMethods.TestLeafProjectMethods.close(TestLeafProjectMethods.java:28)at wdMethods.TestLeafProjectMethods.close(TestLeafProjectMethods.java:28)at wdMethods.TestLeafProjectMethods.close(TestLeafProjectMethods.java:28)at wdMethods.TestLeafProjectMethods.close(TestLeafProjectMethods.java:28)at wdMethods.TestLeafProjectMethods.close(TestLeafProjectMethods.java:28)at wdMethods.TestLeafProjectMethods.close(TestLeafProjectMethods.java:28)at wdMethods.TestLeafProjectMethods.close(TestLeafProjectMethods.java:28)at wdMethods.TestLeafProjectMethods.close(TestLeafProjectMethods.java:28)at wdMethods.TestLeafProjectMethods.close(TestLeafProjectMethods.java:28)at wdMethods.TestLeafProjectMethods.close(TestLeafProjectMethods.java:28)at wdMethods.TestLeafProjectMethods.close(TestLeafProjectMethods.java:28)at wdMethods.TestLeafProjectMethods.close(TestLeafProjectMethods.java:28)at wdMethods.TestLeafProjectMethods.close(TestLeafProjectMethods.java:28)at wdMethods.TestLeafProjectMethods.close(TestLeafProjectMethods.java:28)at wdMethods.TestLeafProjectMethods.close(TestLeafProjectMethods.java:28)at wdMethods.TestLeafProjectMethods.close(TestLeafProjectMethods.java:28)at wdMethods.TestLeafProjectMethods.close(TestLeafProjectMethods.java:28)at wdMethods.TestLeafProjectMethods.close(TestLeafProjectMethods.java:28)at wdMethods.TestLeafProjectMethods.close(TestLeafProjectMethods.java:28)at wdMethods.TestLeafProjectMethods.close(TestLeafProjectMethods.java:28)at wdMethods.TestLeafProjectMethods.close(TestLeafProjectMethods.java:28)at wdMethods.TestLeafProjectMethods.close(TestLeafProjectMethods.java:28)at wdMethods.TestLeafProjectMethods.close(TestLeafProjectMethods.java:28)at wdMethods.TestLeafProjectMethods.close(TestLeafProjectMethods.java:28)at wdMethods.TestLeafProjectMethods.close(TestLeafProjectMethods.java:28)at wdMethods.TestLeafProjectMethods.close(TestLeafProjectMethods.java:28)at wdMethods.TestLeafProjectMethods.close(TestLeafProjectMethods.java:28)at wdMethods.TestLeafProjectMethods.close(TestLeafProjectMethods.java:28)at wdMethods.TestLeafProjectMethods.close(TestLeafProjectMethods.java:28)at wdMethods.TestLeafProjectMethods.close(TestLeafProjectMethods.java:28)at wdMethods.TestLeafProjectMethods.close(TestLeafProjectMethods.java:28)at wdMethods.TestLeafProjectMethods.close(TestLeafProjectMethods.java:28)at wdMethods.TestLeafProjectMethods.close(TestLeafProjectMethods.java:28)at wdMethods.TestLeafProjectMethods.close(TestLeafProjectMethods.java:28)at wdMethods.TestLeafProjectMethods.close(TestLeafProjectMethods.java:28)at wdMethods.TestLeafProjectMethods.close(TestLeafProjectMethods.java:28)at wdMethods.TestLeafProjectMethods.close(TestLeafProjectMethods.java:28)at wdMethods.TestLeafProjectMethods.close(TestLeafProjectMethods.java:28)at wdMethods.TestLeafProjectMethods.close(TestLeafProjectMethods.java:28)at wdMethods.TestLeafProjectMethods.close(TestLeafProjectMethods.java:28)at wdMethods.TestLeafProjectMethods.close(TestLeafProjectMethods.java:28)at wdMethods.TestLeafProjectMethods.close(TestLeafProjectMethods.java:28)at wdMethods.TestLeafProjectMethods.close(TestLeafProjectMethods.java:28)at wdMethods.TestLeafProjectMethods.close(TestLeafProjectMethods.java:28)at wdMethods.TestLeafProjectMethods.close(TestLeafProjectMethods.java:28)at wdMethods.TestLeafProjectMethods.close(TestLeafProjectMethods.java:28)at wdMethods.TestLeafProjectMethods.close(TestLeafProjectMethods.java:28)at wdMethods.TestLeafProjectMethods.close(TestLeafProjectMethods.java:28)at wdMethods.TestLeafProjectMethods.close(TestLeafProjectMethods.java:28)at wdMethods.TestLeafProjectMethods.close(TestLeafProjectMethods.java:28)at wdMethods.TestLeafProjectMethods.close(TestLeafProjectMethods.java:28)at wdMethods.TestLeafProjectMethods.close(TestLeafProjectMethods.java:28)at wdMethods.TestLeafProjectMethods.close(TestLeafProjectMethods.java:28)at wdMethods.TestLeafProjectMethods.close(TestLeafProjectMethods.java:28)at wdMethods.TestLeafProjectMethods.close(TestLeafProjectMethods.java:28)at wdMethods.TestLeafProjectMethods.close(TestLeafProjectMethods.java:28)at wdMethods.TestLeafProjectMethods.close(TestLeafProjectMethods.java:28)at wdMethods.TestLeafProjectMethods.close(TestLeafProjectMethods.java:28)at wdMethods.TestLeafProjectMethods.close(TestLeafProjectMethods.java:28)at wdMethods.TestLeafProjectMethods.close(TestLeafProjectMethods.java:28)at wdMethods.TestLeafProjectMethods.close(TestLeafProjectMethods.java:28)at wdMethods.TestLeafProjectMethods.close(TestLeafProjectMethods.java:28)at wdMethods.TestLeafProjectMethods.close(TestLeafProjectMethods.java:28)at wdMethods.TestLeafProjectMethods.close(TestLeafProjectMethods.java:28)at wdMethods.TestLeafProjectMethods.close(TestLeafProjectMethods.java:28)at wdMethods.TestLeafProjectMethods.close(TestLeafProjectMethods.java:28)at wdMethods.TestLeafProjectMethods.close(TestLeafProjectMethods.java:28)at wdMethods.TestLeafProjectMethods.close(TestLeafProjectMethods.java:28)at wdMethods.TestLeafProjectMethods.close(TestLeafProjectMethods.java:28)at wdMethods.TestLeafProjectMethods.close(TestLeafProjectMethods.java:28)at wdMethods.TestLeafProjectMethods.close(TestLeafProjectMethods.java:28)at wdMethods.TestLeafProjectMethods.close(TestLeafProjectMethods.java:28)at wdMethods.TestLeafProjectMethods.close(TestLeafProjectMethods.java:28)at wdMethods.TestLeafProjectMethods.close(TestLeafProjectMethods.java:28)at wdMethods.TestLeafProjectMethods.close(TestLeafProjectMethods.java:28)at wdMethods.TestLeafProjectMethods.close(TestLeafProjectMethods.java:28)at wdMethods.TestLeafProjectMethods.close(TestLeafProjectMethods.java:28)at wdMethods.TestLeafProjectMethods.close(TestLeafProjectMethods.java:28)at wdMethods.TestLeafProjectMethods.close(TestLeafProjectMethods.java:28)at wdMethods.TestLeafProjectMethods.close(TestLeafProjectMethods.java:28)at wdMethods.TestLeafProjectMethods.close(TestLeafProjectMethods.java:28)at wdMethods.TestLeafProjectMethods.close(TestLeafProjectMethods.java:28)at wdMethods.TestLeafProjectMethods.close(TestLeafProjectMethods.java:28)at wdMethods.TestLeafProjectMethods.close(TestLeafProjectMethods.java:28)at wdMethods.TestLeafProjectMethods.close(TestLeafProjectMethods.java:28)at wdMethods.TestLeafProjectMethods.close(TestLeafProjectMethods.java:28)at wdMethods.TestLeafProjectMethods.close(TestLeafProjectMethods.java:28)at wdMethods.TestLeafProjectMethods.close(TestLeafProjectMethods.java:28)at wdMethods.TestLeafProjectMethods.close(TestLeafProjectMethods.java:28)at wdMethods.TestLeafProjectMethods.close(TestLeafProjectMethods.java:28)at wdMethods.TestLeafProjectMethods.close(TestLeafProjectMethods.java:28)at wdMethods.TestLeafProjectMethods.close(TestLeafProjectMethods.java:28)at wdMethods.TestLeafProjectMethods.close(TestLeafProjectMethods.java:28)at wdMethods.TestLeafProjectMethods.close(TestLeafProjectMethods.java:28)at wdMethods.TestLeafProjectMethods.close(TestLeafProjectMethods.java:28)at wdMethods.TestLeafProjectMethods.close(TestLeafProjectMethods.java:28)at wdMethods.TestLeafProjectMethods.close(TestLeafProjectMethods.java:28)at wdMethods.TestLeafProjectMethods.close(TestLeafProjectMethods.java:28)at wdMethods.TestLeafProjectMethods.close(TestLeafProjectMethods.java:28)at wdMethods.TestLeafProjectMethods.close(TestLeafProjectMethods.java:28)at wdMethods.TestLeafProjectMethods.close(TestLeafProjectMethods.java:28)at wdMethods.TestLeafProjectMethods.close(TestLeafProjectMethods.java:28)at wdMethods.TestLeafProjectMethods.close(TestLeafProjectMethods.java:28)at wdMethods.TestLeafProjectMethods.close(TestLeafProjectMethods.java:28)at wdMethods.TestLeafProjectMethods.close(TestLeafProjectMethods.java:28)at wdMethods.TestLeafProjectMethods.close(TestLeafProjectMethods.java:28)at wdMethods.TestLeafProjectMethods.close(TestLeafProjectMethods.java:28)at wdMethods.TestLeafProjectMethods.close(TestLeafProjectMethods.java:28)at wdMethods.TestLeafProjectMethods.close(TestLeafProjectMethods.java:28)at wdMethods.TestLeafProjectMethods.close(TestLeafProjectMethods.java:28)at wdMethods.TestLeafProjectMethods.close(TestLeafProjectMethods.java:28)at wdMethods.TestLeafProjectMethods.close(TestLeafProjectMethods.java:28)at wdMethods.TestLeafProjectMethods.close(TestLeafProjectMethods.java:28)at wdMethods.TestLeafProjectMethods.close(TestLeafProjectMethods.java:28)at wdMethods.TestLeafProjectMethods.close(TestLeafProjectMethods.java:28)at wdMethods.TestLeafProjectMethods.close(TestLeafProjectMethods.java:28)at wdMethods.TestLeafProjectMethods.close(TestLeafProjectMethods.java:28)at wdMethods.TestLeafProjectMethods.close(TestLeafProjectMethods.java:28)at wdMethods.TestLeafProjectMethods.close(TestLeafProjectMethods.java:28)at wdMethods.TestLeafProjectMethods.close(TestLeafProjectMethods.java:28)at wdMethods.TestLeafProjectMethods.close(TestLeafProjectMethods.java:28)at wdMethods.TestLeafProjectMethods.close(TestLeafProjectMethods.java:28)at wdMethods.TestLeafProjectMethods.close(TestLeafProjectMethods.java:28)at wdMethods.TestLeafProjectMethods.close(TestLeafProjectMethods.java:28)at wdMethods.TestLeafProjectMethods.close(TestLeafProjectMethods.java:28)at wdMethods.TestLeafProjectMethods.close(TestLeafProjectMethods.java:28)at wdMethods.TestLeafProjectMethods.close(TestLeafProjectMethods.java:28)at wdMethods.TestLeafProjectMethods.close(TestLeafProjectMethods.java:28)at wdMethods.TestLeafProjectMethods.close(TestLeafProjectMethods.java:28)at wdMethods.TestLeafProjectMethods.close(TestLeafProjectMethods.java:28)at wdMethods.TestLeafProjectMethods.close(TestLeafProjectMethods.java:28)at wdMethods.TestLeafProjectMethods.close(TestLeafProjectMethods.java:28)at wdMethods.TestLeafProjectMethods.close(TestLeafProjectMethods.java:28)at wdMethods.TestLeafProjectMethods.close(TestLeafProjectMethods.java:28)at wdMethods.TestLeafProjectMethods.close(TestLeafProjectMethods.java:28)at wdMethods.TestLeafProjectMethods.close(TestLeafProjectMethods.java:28)at wdMethods.TestLeafProjectMethods.close(TestLeafProjectMethods.java:28)at wdMethods.TestLeafProjectMethods.close(TestLeafProjectMethods.java:28)at wdMethods.TestLeafProjectMethods.close(TestLeafProjectMethods.java:28)at wdMethods.TestLeafProjectMethods.close(TestLeafProjectMethods.java:28)at wdMethods.TestLeafProjectMethods.close(TestLeafProjectMethods.java:28)at wdMethods.TestLeafProjectMethods.close(TestLeafProjectMethods.java:28)at wdMethods.TestLeafProjectMethods.close(TestLeafProjectMethods.java:28)at wdMethods.TestLeafProjectMethods.close(TestLeafProjectMethods.java:28)at wdMethods.TestLeafProjectMethods.close(TestLeafProjectMethods.java:28)at wdMethods.TestLeafProjectMethods.close(TestLeafProjectMethods.java:28)at wdMethods.TestLeafProjectMethods.close(TestLeafProjectMethods.java:28)at wdMethods.TestLeafProjectMethods.close(TestLeafProjectMethods.java:28)at wdMethods.TestLeafProjectMethods.close(TestLeafProjectMethods.java:28)at wdMethods.TestLeafProjectMethods.close(TestLeafProjectMethods.java:28)at wdMethods.TestLeafProjectMethods.close(TestLeafProjectMethods.java:28)at wdMethods.TestLeafProjectMethods.close(TestLeafProjectMethods.java:28)at wdMethods.TestLeafProjectMethods.close(TestLeafProjectMethods.java:28)at wdMethods.TestLeafProjectMethods.close(TestLeafProjectMethods.java:28)at wdMethods.TestLeafProjectMethods.close(TestLeafProjectMethods.java:28)at wdMethods.TestLeafProjectMethods.close(TestLeafProjectMethods.java:28)at wdMethods.TestLeafProjectMethods.close(TestLeafProjectMethods.java:28)at wdMethods.TestLeafProjectMethods.close(TestLeafProjectMethods.java:28)at wdMethods.TestLeafProjectMethods.close(TestLeafProjectMethods.java:28)at wdMethods.TestLeafProjectMethods.close(TestLeafProjectMethods.java:28)at wdMethods.TestLeafProjectMethods.close(TestLeafProjectMethods.java:28)at wdMethods.TestLeafProjectMethods.close(TestLeafProjectMethods.java:28)at wdMethods.TestLeafProjectMethods.close(TestLeafProjectMethods.java:28)at wdMethods.TestLeafProjectMethods.close(TestLeafProjectMethods.java:28)at wdMethods.TestLeafProjectMethods.close(TestLeafProjectMethods.java:28)at wdMethods.TestLeafProjectMethods.close(TestLeafProjectMethods.java:28)at wdMethods.TestLeafProjectMethods.close(TestLeafProjectMethods.java:28)at wdMethods.TestLeafProjectMethods.close(TestLeafProjectMethods.java:28)at wdMethods.TestLeafProjectMethods.close(TestLeafProjectMethods.java:28)at wdMethods.TestLeafProjectMethods.close(TestLeafProjectMethods.java:28)at wdMethods.TestLeafProjectMethods.close(TestLeafProjectMethods.java:28)at wdMethods.TestLeafProjectMethods.close(TestLeafProjectMethods.java:28)at wdMethods.TestLeafProjectMethods.close(TestLeafProjectMethods.java:28)at wdMethods.TestLeafProjectMethods.close(TestLeafProjectMethods.java:28)at wdMethods.TestLeafProjectMethods.close(TestLeafProjectMethods.java:28)at wdMethods.TestLeafProjectMethods.close(TestLeafProjectMethods.java:28)at wdMethods.TestLeafProjectMethods.close(TestLeafProjectMethods.java:28)at wdMethods.TestLeafProjectMethods.close(TestLeafProjectMethods.java:28)at wdMethods.TestLeafProjectMethods.close(TestLeafProjectMethods.java:28)at wdMethods.TestLeafProjectMethods.close(TestLeafProjectMethods.java:28)at wdMethods.TestLeafProjectMethods.close(TestLeafProjectMethods.java:28)at wdMethods.TestLeafProjectMethods.close(TestLeafProjectMethods.java:28)at wdMethods.TestLeafProjectMethods.close(TestLeafProjectMethods.java:28)at wdMethods.TestLeafProjectMethods.close(TestLeafProjectMethods.java:28)at wdMethods.TestLeafProjectMethods.close(TestLeafProjectMethods.java:28)at wdMethods.TestLeafProjectMethods.close(TestLeafProjectMethods.java:28)at wdMethods.TestLeafProjectMethods.close(TestLeafProjectMethods.java:28)at wdMethods.TestLeafProjectMethods.close(TestLeafProjectMethods.java:28)at wdMethods.TestLeafProjectMethods.close(TestLeafProjectMethods.java:28)at wdMethods.TestLeafProjectMethods.close(TestLeafProjectMethods.java:28)at wdMethods.TestLeafProjectMethods.close(TestLeafProjectMethods.java:28)at wdMethods.TestLeafProjectMethods.close(TestLeafProjectMethods.java:28)at wdMethods.TestLeafProjectMethods.close(TestLeafProjectMethods.java:28)at wdMethods.TestLeafProjectMethods.close(TestLeafProjectMethods.java:28)at wdMethods.TestLeafProjectMethods.close(TestLeafProjectMethods.java:28)at wdMethods.TestLeafProjectMethods.close(TestLeafProjectMethods.java:28)at wdMethods.TestLeafProjectMethods.close(TestLeafProjectMethods.java:28)at wdMethods.TestLeafProjectMethods.close(TestLeafProjectMethods.java:28)at wdMethods.TestLeafProjectMethods.close(TestLeafProjectMethods.java:28)at wdMethods.TestLeafProjectMethods.close(TestLeafProjectMethods.java:28)at wdMethods.TestLeafProjectMethods.close(TestLeafProjectMethods.java:28)at wdMethods.TestLeafProjectMethods.close(TestLeafProjectMethods.java:28)at wdMethods.TestLeafProjectMethods.close(TestLeafProjectMethods.java:28)at wdMethods.TestLeafProjectMethods.close(TestLeafProjectMethods.java:28)at wdMethods.TestLeafProjectMethods.close(TestLeafProjectMethods.java:28)at wdMethods.TestLeafProjectMethods.close(TestLeafProjectMethods.java:28)at wdMethods.TestLeafProjectMethods.close(TestLeafProjectMethods.java:28)at wdMethods.TestLeafProjectMethods.close(TestLeafProjectMethods.java:28)at wdMethods.TestLeafProjectMethods.close(TestLeafProjectMethods.java:28)at wdMethods.TestLeafProjectMethods.close(TestLeafProjectMethods.java:28)at wdMethods.TestLeafProjectMethods.close(TestLeafProjectMethods.java:28)at wdMethods.TestLeafProjectMethods.close(TestLeafProjectMethods.java:28)at wdMethods.TestLeafProjectMethods.close(TestLeafProjectMethods.java:28)at wdMethods.TestLeafProjectMethods.close(TestLeafProjectMethods.java:28)at wdMethods.TestLeafProjectMethods.close(TestLeafProjectMethods.java:28)at wdMethods.TestLeafProjectMethods.close(TestLeafProjectMethods.java:28)at wdMethods.TestLeafProjectMethods.close(TestLeafProjectMethods.java:28)at wdMethods.TestLeafProjectMethods.close(TestLeafProjectMethods.java:28)at wdMethods.TestLeafProjectMethods.close(TestLeafProjectMethods.java:28)at wdMethods.TestLeafProjectMethods.close(TestLeafProjectMethods.java:28)at wdMethods.TestLeafProjectMethods.close(TestLeafProjectMethods.java:28)at wdMethods.TestLeafProjectMethods.close(TestLeafProjectMethods.java:28)at wdMethods.TestLeafProjectMethods.close(TestLeafProjectMethods.java:28)at wdMethods.TestLeafProjectMethods.close(TestLeafProjectMethods.java:28)at wdMethods.TestLeafProjectMethods.close(TestLeafProjectMethods.java:28)at wdMethods.TestLeafProjectMethods.close(TestLeafProjectMethods.java:28)at wdMethods.TestLeafProjectMethods.close(TestLeafProjectMethods.java:28)at wdMethods.TestLeafProjectMethods.close(TestLeafProjectMethods.java:28)at wdMethods.TestLeafProjectMethods.close(TestLeafProjectMethods.java:28)at wdMethods.TestLeafProjectMethods.close(TestLeafProjectMethods.java:28)at wdMethods.TestLeafProjectMethods.close(TestLeafProjectMethods.java:28)at wdMethods.TestLeafProjectMethods.close(TestLeafProjectMethods.java:28)at wdMethods.TestLeafProjectMethods.close(TestLeafProjectMethods.java:28)at wdMethods.TestLeafProjectMethods.close(TestLeafProjectMethods.java:28)at wdMethods.TestLeafProjectMethods.close(TestLeafProjectMethods.java:28)at wdMethods.TestLeafProjectMethods.close(TestLeafProjectMethods.java:28)at wdMethods.TestLeafProjectMethods.close(TestLeafProjectMethods.java:28)at wdMethods.TestLeafProjectMethods.close(TestLeafProjectMethods.java:28)at wdMethods.TestLeafProjectMethods.close(TestLeafProjectMethods.java:28)at wdMethods.TestLeafProjectMethods.close(TestLeafProjectMethods.java:28)at wdMethods.TestLeafProjectMethods.close(TestLeafProjectMethods.java:28)at wdMethods.TestLeafProjectMethods.close(TestLeafProjectMethods.java:28)at wdMethods.TestLeafProjectMethods.close(TestLeafProjectMethods.java:28)at wdMethods.TestLeafProjectMethods.close(TestLeafProjectMethods.java:28)at wdMethods.TestLeafProjectMethods.close(TestLeafProjectMethods.java:28)at wdMethods.TestLeafProjectMethods.close(TestLeafProjectMethods.java:28)at wdMethods.TestLeafProjectMethods.close(TestLeafProjectMethods.java:28)at wdMethods.TestLeafProjectMethods.close(TestLeafProjectMethods.java:28)at wdMethods.TestLeafProjectMethods.close(TestLeafProjectMethods.java:28)at wdMethods.TestLeafProjectMethods.close(TestLeafProjectMethods.java:28)at wdMethods.TestLeafProjectMethods.close(TestLeafProjectMethods.java:28)at wdMethods.TestLeafProjectMethods.close(TestLeafProjectMethods.java:28)at wdMethods.TestLeafProjectMethods.close(TestLeafProjectMethods.java:28)at wdMethods.TestLeafProjectMethods.close(TestLeafProjectMethods.java:28)at wdMethods.TestLeafProjectMethods.close(TestLeafProjectMethods.java:28)at wdMethods.TestLeafProjectMethods.close(TestLeafProjectMethods.java:28)at wdMethods.TestLeafProjectMethods.close(TestLeafProjectMethods.java:28)at wdMethods.TestLeafProjectMethods.close(TestLeafProjectMethods.java:28)at wdMethods.TestLeafProjectMethods.close(TestLeafProjectMethods.java:28)at wdMethods.TestLeafProjectMethods.close(TestLeafProjectMethods.java:28)at wdMethods.TestLeafProjectMethods.close(TestLeafProjectMethods.java:28)at wdMethods.TestLeafProjectMethods.close(TestLeafProjectMethods.java:28)at wdMethods.TestLeafProjectMethods.close(TestLeafProjectMethods.java:28)at wdMethods.TestLeafProjectMethods.close(TestLeafProjectMethods.java:28)at wdMethods.TestLeafProjectMethods.close(TestLeafProjectMethods.java:28)at wdMethods.TestLeafProjectMethods.close(TestLeafProjectMethods.java:28)at wdMethods.TestLeafProjectMethods.close(TestLeafProjectMethods.java:28)at wdMethods.TestLeafProjectMethods.close(TestLeafProjectMethods.java:28)at wdMethods.TestLeafProjectMethods.close(TestLeafProjectMethods.java:28)at wdMethods.TestLeafProjectMethods.close(TestLeafProjectMethods.java:28)at wdMethods.TestLeafProjectMethods.close(TestLeafProjectMethods.java:28)at wdMethods.TestLeafProjectMethods.close(TestLeafProjectMethods.java:28)at wdMethods.TestLeafProjectMethods.close(TestLeafProjectMethods.java:28)at wdMethods.TestLeafProjectMethods.close(TestLeafProjectMethods.java:28)at wdMethods.TestLeafProjectMethods.close(TestLeafProjectMethods.java:28)at wdMethods.TestLeafProjectMethods.close(TestLeafProjectMethods.java:28)at wdMethods.TestLeafProjectMethods.close(TestLeafProjectMethods.java:28)at wdMethods.TestLeafProjectMethods.close(TestLeafProjectMethods.java:28)at wdMethods.TestLeafProjectMethods.close(TestLeafProjectMethods.java:28)at wdMethods.TestLeafProjectMethods.close(TestLeafProjectMethods.java:28)at wdMethods.TestLeafProjectMethods.close(TestLeafProjectMethods.java:28)at wdMethods.TestLeafProjectMethods.close(TestLeafProjectMethods.java:28)at wdMethods.TestLeafProjectMethods.close(TestLeafProjectMethods.java:28)at wdMethods.TestLeafProjectMethods.close(TestLeafProjectMethods.java:28)at wdMethods.TestLeafProjectMethods.close(TestLeafProjectMethods.java:28)at wdMethods.TestLeafProjectMethods.close(TestLeafProjectMethods.java:28)at wdMethods.TestLeafProjectMethods.close(TestLeafProjectMethods.java:28)at wdMethods.TestLeafProjectMethods.close(TestLeafProjectMethods.java:28)at wdMethods.TestLeafProjectMethods.close(TestLeafProjectMethods.java:28)at wdMethods.TestLeafProjectMethods.close(TestLeafProjectMethods.java:28)at wdMethods.TestLeafProjectMethods.close(TestLeafProjectMethods.java:28)at wdMethods.TestLeafProjectMethods.close(TestLeafProjectMethods.java:28)at wdMethods.TestLeafProjectMethods.close(TestLeafProjectMethods.java:28)at wdMethods.TestLeafProjectMethods.close(TestLeafProjectMethods.java:28)at wdMethods.TestLeafProjectMethods.close(TestLeafProjectMethods.java:28)at wdMethods.TestLeafProjectMethods.close(TestLeafProjectMethods.java:28)at wdMethods.TestLeafProjectMethods.close(TestLeafProjectMethods.java:28)at wdMethods.TestLeafProjectMethods.close(TestLeafProjectMethods.java:28)at wdMethods.TestLeafProjectMethods.close(TestLeafProjectMethods.java:28)at wdMethods.TestLeafProjectMethods.close(TestLeafProjectMethods.java:28)at wdMethods.TestLeafProjectMethods.close(TestLeafProjectMethods.java:28)at wdMethods.TestLeafProjectMethods.close(TestLeafProjectMethods.java:28)at wdMethods.TestLeafProjectMethods.close(TestLeafProjectMethods.java:28)at wdMethods.TestLeafProjectMethods.close(TestLeafProjectMethods.java:28)at wdMethods.TestLeafProjectMethods.close(TestLeafProjectMethods.java:28)at wdMethods.TestLeafProjectMethods.close(TestLeafProjectMethods.java:28)at wdMethods.TestLeafProjectMethods.close(TestLeafProjectMethods.java:28)at wdMethods.TestLeafProjectMethods.close(TestLeafProjectMethods.java:28)at wdMethods.TestLeafProjectMethods.close(TestLeafProjectMethods.java:28)at wdMethods.TestLeafProjectMethods.close(TestLeafProjectMethods.java:28)at wdMethods.TestLeafProjectMethods.close(TestLeafProjectMethods.java:28)at wdMethods.TestLeafProjectMethods.close(TestLeafProjectMethods.java:28)at wdMethods.TestLeafProjectMethods.close(TestLeafProjectMethods.java:28)at wdMethods.TestLeafProjectMethods.close(TestLeafProjectMethods.java:28)at wdMethods.TestLeafProjectMethods.close(TestLeafProjectMethods.java:28)at wdMethods.TestLeafProjectMethods.close(TestLeafProjectMethods.java:28)at wdMethods.TestLeafProjectMethods.close(TestLeafProjectMethods.java:28)at wdMethods.TestLeafProjectMethods.close(TestLeafProjectMethods.java:28)at wdMethods.TestLeafProjectMethods.close(TestLeafProjectMethods.java:28)at wdMethods.TestLeafProjectMethods.close(TestLeafProjectMethods.java:28)at wdMethods.TestLeafProjectMethods.close(TestLeafProjectMethods.java:28)at wdMethods.TestLeafProjectMethods.close(TestLeafProjectMethods.java:28)at wdMethods.TestLeafProjectMethods.close(TestLeafProjectMethods.java:28)at wdMethods.TestLeafProjectMethods.close(TestLeafProjectMethods.java:28)at wdMethods.TestLeafProjectMethods.close(TestLeafProjectMethods.java:28)at wdMethods.TestLeafProjectMethods.close(TestLeafProjectMethods.java:28)at wdMethods.TestLeafProjectMethods.close(TestLeafProjectMethods.java:28)at wdMethods.TestLeafProjectMethods.close(TestLeafProjectMethods.java:28)at wdMethods.TestLeafProjectMethods.close(TestLeafProjectMethods.java:28)at wdMethods.TestLeafProjectMethods.close(TestLeafProjectMethods.java:28)at wdMethods.TestLeafProjectMethods.close(TestLeafProjectMethods.java:28)at wdMethods.TestLeafProjectMethods.close(TestLeafProjectMethods.java:28)at wdMethods.TestLeafProjectMethods.close(TestLeafProjectMethods.java:28)at wdMethods.TestLeafProjectMethods.close(TestLeafProjectMethods.java:28)at wdMethods.TestLeafProjectMethods.close(TestLeafProjectMethods.java:28)at wdMethods.TestLeafProjectMethods.close(TestLeafProjectMethods.java:28)at wdMethods.TestLeafProjectMethods.close(TestLeafProjectMethods.java:28)at wdMethods.TestLeafProjectMethods.close(TestLeafProjectMethods.java:28)at wdMethods.TestLeafProjectMethods.close(TestLeafProjectMethods.java:28)at wdMethods.TestLeafProjectMethods.close(TestLeafProjectMethods.java:28)at wdMethods.TestLeafProjectMethods.close(TestLeafProjectMethods.java:28)at wdMethods.TestLeafProjectMethods.close(TestLeafProjectMethods.java:28)at wdMethods.TestLeafProjectMethods.close(TestLeafProjectMethods.java:28)at wdMethods.TestLeafProjectMethods.close(TestLeafProjectMethods.java:28)at wdMethods.TestLeafProjectMethods.close(TestLeafProjectMethods.java:28)at wdMethods.TestLeafProjectMethods.close(TestLeafProjectMethods.java:28)at wdMethods.TestLeafProjectMethods.close(TestLeafProjectMethods.java:28)at wdMethods.TestLeafProjectMethods.close(TestLeafProjectMethods.java:28)at wdMethods.TestLeafProjectMethods.close(TestLeafProjectMethods.java:28)at wdMethods.TestLeafProjectMethods.close(TestLeafProjectMethods.java:28)at wdMethods.TestLeafProjectMethods.close(TestLeafProjectMethods.java:28)at wdMethods.TestLeafProjectMethods.close(TestLeafProjectMethods.java:28)at wdMethods.TestLeafProjectMethods.close(TestLeafProjectMethods.java:28)at wdMethods.TestLeafProjectMethods.close(TestLeafProjectMethods.java:28)at wdMethods.TestLeafProjectMethods.close(TestLeafProjectMethods.java:28)at wdMethods.TestLeafProjectMethods.close(TestLeafProjectMethods.java:28)at wdMethods.TestLeafProjectMethods.close(TestLeafProjectMethods.java:28)at wdMethods.TestLeafProjectMethods.close(TestLeafProjectMethods.java:28)at wdMethods.TestLeafProjectMethods.close(TestLeafProjectMethods.java:28)at wdMethods.TestLeafProjectMethods.close(TestLeafProjectMethods.java:28)at wdMethods.TestLeafProjectMethods.close(TestLeafProjectMethods.java:28)at wdMethods.TestLeafProjectMethods.close(TestLeafProjectMethods.java:28)at wdMethods.TestLeafProjectMethods.close(TestLeafProjectMethods.java:28)at wdMethods.TestLeafProjectMethods.close(TestLeafProjectMethods.java:28)at wdMethods.TestLeafProjectMethods.close(TestLeafProjectMethods.java:28)at wdMethods.TestLeafProjectMethods.close(TestLeafProjectMethods.java:28)at wdMethods.TestLeafProjectMethods.close(TestLeafProjectMethods.java:28)at wdMethods.TestLeafProjectMethods.close(TestLeafProjectMethods.java:28)at wdMethods.TestLeafProjectMethods.close(TestLeafProjectMethods.java:28)at wdMethods.TestLeafProjectMethods.close(TestLeafProjectMethods.java:28)at wdMethods.TestLeafProjectMethods.close(TestLeafProjectMethods.java:28)at wdMethods.TestLeafProjectMethods.close(TestLeafProjectMethods.java:28)at wdMethods.TestLeafProjectMethods.close(TestLeafProjectMethods.java:28)at wdMethods.TestLeafProjectMethods.close(TestLeafProjectMethods.java:28)at wdMethods.TestLeafProjectMethods.close(TestLeafProjectMethods.java:28)at wdMethods.TestLeafProjectMethods.close(TestLeafProjectMethods.java:28)at wdMethods.TestLeafProjectMethods.close(TestLeafProjectMethods.java:28)at wdMethods.TestLeafProjectMethods.close(TestLeafProjectMethods.java:28)at wdMethods.TestLeafProjectMethods.close(TestLeafProjectMethods.java:28)at wdMethods.TestLeafProjectMethods.close(TestLeafProjectMethods.java:28)at wdMethods.TestLeafProjectMethods.close(TestLeafProjectMethods.java:28)at wdMethods.TestLeafProjectMethods.close(TestLeafProjectMethods.java:28)at wdMethods.TestLeafProjectMethods.close(TestLeafProjectMethods.java:28)at wdMethods.TestLeafProjectMethods.close(TestLeafProjectMethods.java:28)at wdMethods.TestLeafProjectMethods.close(TestLeafProjectMethods.java:28)at wdMethods.TestLeafProjectMethods.close(TestLeafProjectMethods.java:28)at wdMethods.TestLeafProjectMethods.close(TestLeafProjectMethods.java:28)at wdMethods.TestLeafProjectMethods.close(TestLeafProjectMethods.java:28)at wdMethods.TestLeafProjectMethods.close(TestLeafProjectMethods.java:28)at wdMethods.TestLeafProjectMethods.close(TestLeafProjectMethods.java:28)at wdMethods.TestLeafProjectMethods.close(TestLeafProjectMethods.java:28)at wdMethods.TestLeafProjectMethods.close(TestLeafProjectMethods.java:28)at wdMethods.TestLeafProjectMethods.close(TestLeafProjectMethods.java:28)at wdMethods.TestLeafProjectMethods.close(TestLeafProjectMethods.java:28)at wdMethods.TestLeafProjectMethods.close(TestLeafProjectMethods.java:28)at wdMethods.TestLeafProjectMethods.close(TestLeafProjectMethods.java:28)at wdMethods.TestLeafProjectMethods.close(TestLeafProjectMethods.java:28)at wdMethods.TestLeafProjectMethods.close(TestLeafProjectMethods.java:28)at wdMethods.TestLeafProjectMethods.close(TestLeafProjectMethods.java:28)at wdMethods.TestLeafProjectMethods.close(TestLeafProjectMethods.java:28)at wdMethods.TestLeafProjectMethods.close(TestLeafProjectMethods.java:28)at wdMethods.TestLeafProjectMethods.close(TestLeafProjectMethods.java:28)at wdMethods.TestLeafProjectMethods.close(TestLeafProjectMethods.java:28)at wdMethods.TestLeafProjectMethods.close(TestLeafProjectMethods.java:28)at wdMethods.TestLeafProjectMethods.close(TestLeafProjectMethods.java:28)at wdMethods.TestLeafProjectMethods.close(TestLeafProjectMethods.java:28)at wdMethods.TestLeafProjectMethods.close(TestLeafProjectMethods.java:28)at wdMethods.TestLeafProjectMethods.close(TestLeafProjectMethods.java:28)at wdMethods.TestLeafProjectMethods.close(TestLeafProjectMethods.java:28)at wdMethods.TestLeafProjectMethods.close(TestLeafProjectMethods.java:28)at wdMethods.TestLeafProjectMethods.close(TestLeafProjectMethods.java:28)at wdMethods.TestLeafProjectMethods.close(TestLeafProjectMethods.java:28)at wdMethods.TestLeafProjectMethods.close(TestLeafProjectMethods.java:28)at wdMethods.TestLeafProjectMethods.close(TestLeafProjectMethods.java:28)at wdMethods.TestLeafProjectMethods.close(TestLeafProjectMethods.java:28)at wdMethods.TestLeafProjectMethods.close(TestLeafProjectMethods.java:28)at wdMethods.TestLeafProjectMethods.close(TestLeafProjectMethods.java:28)at wdMethods.TestLeafProjectMethods.close(TestLeafProjectMethods.java:28)at wdMethods.TestLeafProjectMethods.close(TestLeafProjectMethods.java:28)at wdMethods.TestLeafProjectMethods.close(TestLeafProjectMethods.java:28)at wdMethods.TestLeafProjectMethods.close(TestLeafProjectMethods.java:28)at wdMethods.TestLeafProjectMethods.close(TestLeafProjectMethods.java:28)at wdMethods.TestLeafProjectMethods.close(TestLeafProjectMethods.java:28)at wdMethods.TestLeafProjectMethods.close(TestLeafProjectMethods.java:28)at wdMethods.TestLeafProjectMethods.close(TestLeafProjectMethods.java:28)at wdMethods.TestLeafProjectMethods.close(TestLeafProjectMethods.java:28)at wdMethods.TestLeafProjectMethods.close(TestLeafProjectMethods.java:28)at wdMethods.TestLeafProjectMethods.close(TestLeafProjectMethods.java:28)at wdMethods.TestLeafProjectMethods.close(TestLeafProjectMethods.java:28)at wdMethods.TestLeafProjectMethods.close(TestLeafProjectMethods.java:28)at wdMethods.TestLeafProjectMethods.close(TestLeafProjectMethods.java:28)at wdMethods.TestLeafProjectMethods.close(TestLeafProjectMethods.java:28)at wdMethods.TestLeafProjectMethods.close(TestLeafProjectMethods.java:28)at wdMethods.TestLeafProjectMethods.close(TestLeafProjectMethods.java:28)at wdMethods.TestLeafProjectMethods.close(TestLeafProjectMethods.java:28)at wdMethods.TestLeafProjectMethods.close(TestLeafProjectMethods.java:28)at wdMethods.TestLeafProjectMethods.close(TestLeafProjectMethods.java:28)at wdMethods.TestLeafProjectMethods.close(TestLeafProjectMethods.java:28)at wdMethods.TestLeafProjectMethods.close(TestLeafProjectMethods.java:28)at wdMethods.TestLeafProjectMethods.close(TestLeafProjectMethods.java:28)at wdMethods.TestLeafProjectMethods.close(TestLeafProjectMethods.java:28)at wdMethods.TestLeafProjectMethods.close(TestLeafProjectMethods.java:28)at wdMethods.TestLeafProjectMethods.close(TestLeafProjectMethods.java:28)at wdMethods.TestLeafProjectMethods.close(TestLeafProjectMethods.java:28)at wdMethods.TestLeafProjectMethods.close(TestLeafProjectMethods.java:28)at wdMethods.TestLeafProjectMethods.close(TestLeafProjectMethods.java:28)at wdMethods.TestLeafProjectMethods.close(TestLeafProjectMethods.java:28)at wdMethods.TestLeafProjectMethods.close(TestLeafProjectMethods.java:28)at wdMethods.TestLeafProjectMethods.close(TestLeafProjectMethods.java:28)at wdMethods.TestLeafProjectMethods.close(TestLeafProjectMethods.java:28)at wdMethods.TestLeafProjectMethods.close(TestLeafProjectMethods.java:28)at wdMethods.TestLeafProjectMethods.close(TestLeafProjectMethods.java:28)at wdMethods.TestLeafProjectMethods.close(TestLeafProjectMethods.java:28)at wdMethods.TestLeafProjectMethods.close(TestLeafProjectMethods.java:28)at wdMethods.TestLeafProjectMethods.close(TestLeafProjectMethods.java:28)at wdMethods.TestLeafProjectMethods.close(TestLeafProjectMethods.java:28)at wdMethods.TestLeafProjectMethods.close(TestLeafProjectMethods.java:28)at wdMethods.TestLeafProjectMethods.close(TestLeafProjectMethods.java:28)at wdMethods.TestLeafProjectMethods.close(TestLeafProjectMethods.java:28)at wdMethods.TestLeafProjectMethods.close(TestLeafProjectMethods.java:28)at wdMethods.TestLeafProjectMethods.close(TestLeafProjectMethods.java:28)at wdMethods.TestLeafProjectMethods.close(TestLeafProjectMethods.java:28)at wdMethods.TestLeafProjectMethods.close(TestLeafProjectMethods.java:28)at wdMethods.TestLeafProjectMethods.close(TestLeafProjectMethods.java:28)at wdMethods.TestLeafProjectMethods.close(TestLeafProjectMethods.java:28)at wdMethods.TestLeafProjectMethods.close(TestLeafProjectMethods.java:28)at wdMethods.TestLeafProjectMethods.close(TestLeafProjectMethods.java:28)at wdMethods.TestLeafProjectMethods.close(TestLeafProjectMethods.java:28)at wdMethods.TestLeafProjectMethods.close(TestLeafProjectMethods.java:28)at wdMethods.TestLeafProjectMethods.close(TestLeafProjectMethods.java:28)at wdMethods.TestLeafProjectMethods.close(TestLeafProjectMethods.java:28)at wdMethods.TestLeafProjectMethods.close(TestLeafProjectMethods.java:28)at wdMethods.TestLeafProjectMethods.close(TestLeafProjectMethods.java:28)at wdMethods.TestLeafProjectMethods.close(TestLeafProjectMethods.java:28)at wdMethods.TestLeafProjectMethods.close(TestLeafProjectMethods.java:28)at wdMethods.TestLeafProjectMethods.close(TestLeafProjectMethods.java:28)at wdMethods.TestLeafProjectMethods.close(TestLeafProjectMethods.java:28)at wdMethods.TestLeafProjectMethods.close(TestLeafProjectMethods.java:28)at wdMethods.TestLeafProjectMethods.close(TestLeafProjectMethods.java:28)at wdMethods.TestLeafProjectMethods.close(TestLeafProjectMethods.java:28)at wdMethods.TestLeafProjectMethods.close(TestLeafProjectMethods.java:28)at wdMethods.TestLeafProjectMethods.close(TestLeafProjectMethods.java:28)at wdMethods.TestLeafProjectMethods.close(TestLeafProjectMethods.java:28)at wdMethods.TestLeafProjectMethods.close(TestLeafProjectMethods.java:28)at wdMethods.TestLeafProjectMethods.close(TestLeafProjectMethods.java:28)at wdMethods.TestLeafProjectMethods.close(TestLeafProjectMethods.java:28)at wdMethods.TestLeafProjectMethods.close(TestLeafProjectMethods.java:28)at wdMethods.TestLeafProjectMethods.close(TestLeafProjectMethods.java:28)at wdMethods.TestLeafProjectMethods.close(TestLeafProjectMethods.java:28)at wdMethods.TestLeafProjectMethods.close(TestLeafProjectMethods.java:28)at wdMethods.TestLeafProjectMethods.close(TestLeafProjectMethods.java:28)at wdMethods.TestLeafProjectMethods.close(TestLeafProjectMethods.java:28)at wdMethods.TestLeafProjectMethods.close(TestLeafProjectMethods.java:28)at wdMethods.TestLeafProjectMethods.close(TestLeafProjectMethods.java:28)at wdMethods.TestLeafProjectMethods.close(TestLeafProjectMethods.java:28)at wdMethods.TestLeafProjectMethods.close(TestLeafProjectMethods.java:28)at wdMethods.TestLeafProjectMethods.close(TestLeafProjectMethods.java:28)at wdMethods.TestLeafProjectMethods.close(TestLeafProjectMethods.java:28)at wdMethods.TestLeafProjectMethods.close(TestLeafProjectMethods.java:28)at wdMethods.TestLeafProjectMethods.close(TestLeafProjectMethods.java:28)at wdMethods.TestLeafProjectMethods.close(TestLeafProjectMethods.java:28)at wdMethods.TestLeafProjectMethods.close(TestLeafProjectMethods.java:28)at wdMethods.TestLeafProjectMethods.close(TestLeafProjectMethods.java:28)at wdMethods.TestLeafProjectMethods.close(TestLeafProjectMethods.java:28)at wdMethods.TestLeafProjectMethods.close(TestLeafProjectMethods.java:28)at wdMethods.TestLeafProjectMethods.close(TestLeafProjectMethods.java:28)at wdMethods.TestLeafProjectMethods.close(TestLeafProjectMethods.java:28)at wdMethods.TestLeafProjectMethods.close(TestLeafProjectMethods.java:28)at wdMethods.TestLeafProjectMethods.close(TestLeafProjectMethods.java:28)at wdMethods.TestLeafProjectMethods.close(TestLeafProjectMethods.java:28)at wdMethods.TestLeafProjectMethods.close(TestLeafProjectMethods.java:28)at wdMethods.TestLeafProjectMethods.close(TestLeafProjectMethods.java:28)at wdMethods.TestLeafProjectMethods.close(TestLeafProjectMethods.java:28)at wdMethods.TestLeafProjectMethods.close(TestLeafProjectMethods.java:28)at wdMethods.TestLeafProjectMethods.close(TestLeafProjectMethods.java:28)at wdMethods.TestLeafProjectMethods.close(TestLeafProjectMethods.java:28)at wdMethods.TestLeafProjectMethods.close(TestLeafProjectMethods.java:28)at wdMethods.TestLeafProjectMethods.close(TestLeafProjectMethods.java:28)at wdMethods.TestLeafProjectMethods.close(TestLeafProjectMethods.java:28)at wdMethods.TestLeafProjectMethods.close(TestLeafProjectMethods.java:28)at wdMethods.TestLeafProjectMethods.close(TestLeafProjectMethods.java:28)at wdMethods.TestLeafProjectMethods.close(TestLeafProjectMethods.java:28)at wdMethods.TestLeafProjectMethods.close(TestLeafProjectMethods.java:28)at wdMethods.TestLeafProjectMethods.close(TestLeafProjectMethods.java:28)at wdMethods.TestLeafProjectMethods.close(TestLeafProjectMethods.java:28)at wdMethods.TestLeafProjectMethods.close(TestLeafProjectMethods.java:28)at wdMethods.TestLeafProjectMethods.close(TestLeafProjectMethods.java:28)at wdMethods.TestLeafProjectMethods.close(TestLeafProjectMethods.java:28)at wdMethods.TestLeafProjectMethods.close(TestLeafProjectMethods.java:28)at wdMethods.TestLeafProjectMethods.close(TestLeafProjectMethods.java:28)at wdMethods.TestLeafProjectMethods.close(TestLeafProjectMethods.java:28)at wdMethods.TestLeafProjectMethods.close(TestLeafProjectMethods.java:28)at wdMethods.TestLeafProjectMethods.close(TestLeafProjectMethods.java:28)at wdMethods.TestLeafProjectMethods.close(TestLeafProjectMethods.java:28)at wdMethods.TestLeafProjectMethods.close(TestLeafProjectMethods.java:28)at wdMethods.TestLeafProjectMethods.close(TestLeafProjectMethods.java:28)at wdMethods.TestLeafProjectMethods.close(TestLeafProjectMethods.java:28)at wdMethods.TestLeafProjectMethods.close(TestLeafProjectMethods.java:28)at wdMethods.TestLeafProjectMethods.close(TestLeafProjectMethods.java:28)at wdMethods.TestLeafProjectMethods.close(TestLeafProjectMethods.java:28)at wdMethods.TestLeafProjectMethods.close(TestLeafProjectMethods.java:28)at wdMethods.TestLeafProjectMethods.close(TestLeafProjectMethods.java:28)at wdMethods.TestLeafProjectMethods.close(TestLeafProjectMethods.java:28)at wdMethods.TestLeafProjectMethods.close(TestLeafProjectMethods.java:28)at wdMethods.TestLeafProjectMethods.close(TestLeafProjectMethods.java:28)at wdMethods.TestLeafProjectMethods.close(TestLeafProjectMethods.java:28)at wdMethods.TestLeafProjectMethods.close(TestLeafProjectMethods.java:28)at wdMethods.TestLeafProjectMethods.close(TestLeafProjectMethods.java:28)at wdMethods.TestLeafProjectMethods.close(TestLeafProjectMethods.java:28)at wdMethods.TestLeafProjectMethods.close(TestLeafProjectMethods.java:28)at wdMethods.TestLeafProjectMethods.close(TestLeafProjectMethods.java:28)at wdMethods.TestLeafProjectMethods.close(TestLeafProjectMethods.java:28)at wdMethods.TestLeafProjectMethods.close(TestLeafProjectMethods.java:28)at wdMethods.TestLeafProjectMethods.close(TestLeafProjectMethods.java:28)at wdMethods.TestLeafProjectMethods.close(TestLeafProjectMethods.java:28)at wdMethods.TestLeafProjectMethods.close(TestLeafProjectMethods.java:28)at wdMethods.TestLeafProjectMethods.close(TestLeafProjectMethods.java:28)at wdMethods.TestLeafProjectMethods.close(TestLeafProjectMethods.java:28)at wdMethods.TestLeafProjectMethods.close(TestLeafProjectMethods.java:28)at wdMethods.TestLeafProjectMethods.close(TestLeafProjectMethods.java:28)at wdMethods.TestLeafProjectMethods.close(TestLeafProjectMethods.java:28)at wdMethods.TestLeafProjectMethods.close(TestLeafProjectMethods.java:28)at wdMethods.TestLeafProjectMethods.close(TestLeafProjectMethods.java:28)at wdMethods.TestLeafProjectMethods.close(TestLeafProjectMethods.java:28)at wdMethods.TestLeafProjectMethods.close(TestLeafProjectMethods.java:28)at wdMethods.TestLeafProjectMethods.close(TestLeafProjectMethods.java:28)at wdMethods.TestLeafProjectMethods.close(TestLeafProjectMethods.java:28)at wdMethods.TestLeafProjectMethods.close(TestLeafProjectMethods.java:28)at wdMethods.TestLeafProjectMethods.close(TestLeafProjectMethods.java:28)at wdMethods.TestLeafProjectMethods.close(TestLeafProjectMethods.java:28)at wdMethods.TestLeafProjectMethods.close(TestLeafProjectMethods.java:28)at wdMethods.TestLeafProjectMethods.close(TestLeafProjectMethods.java:28)at wdMethods.TestLeafProjectMethods.close(TestLeafProjectMethods.java:28)at wdMethods.TestLeafProjectMethods.close(TestLeafProjectMethods.java:28)at wdMethods.TestLeafProjectMethods.close(TestLeafProjectMethods.java:28)at wdMethods.TestLeafProjectMethods.close(TestLeafProjectMethods.java:28)at wdMethods.TestLeafProjectMethods.close(TestLeafProjectMethods.java:28)at wdMethods.TestLeafProjectMethods.close(TestLeafProjectMethods.java:28)at wdMethods.TestLeafProjectMethods.close(TestLeafProjectMethods.java:28)at wdMethods.TestLeafProjectMethods.close(TestLeafProjectMethods.java:28)at wdMethods.TestLeafProjectMethods.close(TestLeafProjectMethods.java:28)at wdMethods.TestLeafProjectMethods.close(TestLeafProjectMethods.java:28)at wdMethods.TestLeafProjectMethods.close(TestLeafProjectMethods.java:28)at wdMethods.TestLeafProjectMethods.close(TestLeafProjectMethods.java:28)at wdMethods.TestLeafProjectMethods.close(TestLeafProjectMethods.java:28)at wdMethods.TestLeafProjectMethods.close(TestLeafProjectMethods.java:28)at wdMethods.TestLeafProjectMethods.close(TestLeafProjectMethods.java:28)at wdMethods.TestLeafProjectMethods.close(TestLeafProjectMethods.java:28)at wdMethods.TestLeafProjectMethods.close(TestLeafProjectMethods.java:28)at wdMethods.TestLeafProjectMethods.close(TestLeafProjectMethods.java:28)at wdMethods.TestLeafProjectMethods.close(TestLeafProjectMethods.java:28)at wdMethods.TestLeafProjectMethods.close(TestLeafProjectMethods.java:28)at wdMethods.TestLeafProjectMethods.close(TestLeafProjectMethods.java:28)at wdMethods.TestLeafProjectMethods.close(TestLeafProjectMethods.java:28)at wdMethods.TestLeafProjectMethods.close(TestLeafProjectMethods.java:28)at wdMethods.TestLeafProjectMethods.close(TestLeafProjectMethods.java:28)at wdMethods.TestLeafProjectMethods.close(TestLeafProjectMethods.java:28)at wdMethods.TestLeafProjectMethods.close(TestLeafProjectMethods.java:28)at wdMethods.TestLeafProjectMethods.close(TestLeafProjectMethods.java:28)at wdMethods.TestLeafProjectMethods.close(TestLeafProjectMethods.java:28)at wdMethods.TestLeafProjectMethods.close(TestLeafProjectMethods.java:28)at wdMethods.TestLeafProjectMethods.close(TestLeafProjectMethods.java:28)at wdMethods.TestLeafProjectMethods.close(TestLeafProjectMethods.java:28)at wdMethods.TestLeafProjectMethods.close(TestLeafProjectMethods.java:28)at wdMethods.TestLeafProjectMethods.close(TestLeafProjectMethods.java:28)at wdMethods.TestLeafProjectMethods.close(TestLeafProjectMethods.java:28)at wdMethods.TestLeafProjectMethods.close(TestLeafProjectMethods.java:28)at wdMethods.TestLeafProjectMethods.close(TestLeafProjectMethods.java:28)at wdMethods.TestLeafProjectMethods.close(TestLeafProjectMethods.java:28)at wdMethods.TestLeafProjectMethods.close(TestLeafProjectMethods.java:28)at wdMethods.TestLeafProjectMethods.close(TestLeafProjectMethods.java:28)at wdMethods.TestLeafProjectMethods.close(TestLeafProjectMethods.java:28)at wdMethods.TestLeafProjectMethods.close(TestLeafProjectMethods.java:28)at wdMethods.TestLeafProjectMethods.close(TestLeafProjectMethods.java:28)at wdMethods.TestLeafProjectMethods.close(TestLeafProjectMethods.java:28)at wdMethods.TestLeafProjectMethods.close(TestLeafProjectMethods.java:28)at wdMethods.TestLeafProjectMethods.close(TestLeafProjectMethods.java:28)at wdMethods.TestLeafProjectMethods.close(TestLeafProjectMethods.java:28)at wdMethods.TestLeafProjectMethods.close(TestLeafProjectMethods.java:28)at wdMethods.TestLeafProjectMethods.close(TestLeafProjectMethods.java:28)at wdMethods.TestLeafProjectMethods.close(TestLeafProjectMethods.java:28)at wdMethods.TestLeafProjectMethods.close(TestLeafProjectMethods.java:28)at wdMethods.TestLeafProjectMethods.close(TestLeafProjectMethods.java:28)at wdMethods.TestLeafProjectMethods.close(TestLeafProjectMethods.java:28)at wdMethods.TestLeafProjectMethods.close(TestLeafProjectMethods.java:28)at wdMethods.TestLeafProjectMethods.close(TestLeafProjectMethods.java:28)at wdMethods.TestLeafProjectMethods.close(TestLeafProjectMethods.java:28)at wdMethods.TestLeafProjectMethods.close(TestLeafProjectMethods.java:28)at wdMethods.TestLeafProjectMethods.close(TestLeafProjectMethods.java:28)at wdMethods.TestLeafProjectMethods.close(TestLeafProjectMethods.java:28)at wdMethods.TestLeafProjectMethods.close(TestLeafProjectMethods.java:28)at wdMethods.TestLeafProjectMethods.close(TestLeafProjectMethods.java:28)at wdMethods.TestLeafProjectMethods.close(TestLeafProjectMethods.java:28)at wdMethods.TestLeafProjectMethods.close(TestLeafProjectMethods.java:28)at wdMethods.TestLeafProjectMethods.close(TestLeafProjectMethods.java:28)at wdMethods.TestLeafProjectMethods.close(TestLeafProjectMethods.java:28)at wdMethods.TestLeafProjectMethods.close(TestLeafProjectMethods.java:28)at wdMethods.TestLeafProjectMethods.close(TestLeafProjectMethods.java:28)at wdMethods.TestLeafProjectMethods.close(TestLeafProjectMethods.java:28)at wdMethods.TestLeafProjectMethods.close(TestLeafProjectMethods.java:28)at wdMethods.TestLeafProjectMethods.close(TestLeafProjectMethods.java:28)at wdMethods.TestLeafProjectMethods.close(TestLeafProjectMethods.java:28)at wdMethods.TestLeafProjectMethods.close(TestLeafProjectMethods.java:28)at wdMethods.TestLeafProjectMethods.close(TestLeafProjectMethods.java:28)at wdMethods.TestLeafProjectMethods.close(TestLeafProjectMethods.java:28)at wdMethods.TestLeafProjectMethods.close(TestLeafProjectMethods.java:28)at wdMethods.TestLeafProjectMethods.close(TestLeafProjectMethods.java:28)at wdMethods.TestLeafProjectMethods.close(TestLeafProjectMethods.java:28)at wdMethods.TestLeafProjectMethods.close(TestLeafProjectMethods.java:28)at wdMethods.TestLeafProjectMethods.close(TestLeafProjectMethods.java:28)at wdMethods.TestLeafProjectMethods.close(TestLeafProjectMethods.java:28)at wdMethods.TestLeafProjectMethods.close(TestLeafProjectMethods.java:28)at wdMethods.TestLeafProjectMethods.close(TestLeafProjectMethods.java:28)at wdMethods.TestLeafProjectMethods.close(TestLeafProjectMethods.java:28)at wdMethods.TestLeafProjectMethods.close(TestLeafProjectMethods.java:28)at wdMethods.TestLeafProjectMethods.close(TestLeafProjectMethods.java:28)at wdMethods.TestLeafProjectMethods.close(TestLeafProjectMethods.java:28)at wdMethods.TestLeafProjectMethods.close(TestLeafProjectMethods.java:28)at wdMethods.TestLeafProjectMethods.close(TestLeafProjectMethods.java:28)at wdMethods.TestLeafProjectMethods.close(TestLeafProjectMethods.java:28)at wdMethods.TestLeafProjectMethods.close(TestLeafProjectMethods.java:28)at wdMethods.TestLeafProjectMethods.close(TestLeafProjectMethods.java:28)at wdMethods.TestLeafProjectMethods.close(TestLeafProjectMethods.java:28)at wdMethods.TestLeafProjectMethods.close(TestLeafProjectMethods.java:28)at wdMethods.TestLeafProjectMethods.close(TestLeafProjectMethods.java:28)at wdMethods.TestLeafProjectMethods.close(TestLeafProjectMethods.java:28)at wdMethods.TestLeafProjectMethods.close(TestLeafProjectMethods.java:28)at wdMethods.TestLeafProjectMethods.close(TestLeafProjectMethods.java:28)at wdMethods.TestLeafProjectMethods.close(TestLeafProjectMethods.java:28)at wdMethods.TestLeafProjectMethods.close(TestLeafProjectMethods.java:28)at wdMethods.TestLeafProjectMethods.close(TestLeafProjectMethods.java:28)at wdMethods.TestLeafProjectMethods.close(TestLeafProjectMethods.java:28)at wdMethods.TestLeafProjectMethods.close(TestLeafProjectMethods.java:28)at wdMethods.TestLeafProjectMethods.close(TestLeafProjectMethods.java:28)at wdMethods.TestLeafProjectMethods.close(TestLeafProjectMethods.java:28)at wdMethods.TestLeafProjectMethods.close(TestLeafProjectMethods.java:28)at wdMethods.TestLeafProjectMethods.close(TestLeafProjectMethods.java:28)at wdMethods.TestLeafProjectMethods.close(TestLeafProjectMethods.java:28)at wdMethods.TestLeafProjectMethods.close(TestLeafProjectMethods.java:28)at wdMethods.TestLeafProjectMethods.close(TestLeafProjectMethods.java:28)at wdMethods.TestLeafProjectMethods.close(TestLeafProjectMethods.java:28)at wdMethods.TestLeafProjectMethods.close(TestLeafProjectMethods.java:28)at wdMethods.TestLeafProjectMethods.close(TestLeafProjectMethods.java:28)at wdMethods.TestLeafProjectMethods.close(TestLeafProjectMethods.java:28)at wdMethods.TestLeafProjectMethods.close(TestLeafProjectMethods.java:28)at wdMethods.TestLeafProjectMethods.close(TestLeafProjectMethods.java:28)at wdMethods.TestLeafProjectMethods.close(TestLeafProjectMethods.java:28)at wdMethods.TestLeafProjectMethods.close(TestLeafProjectMethods.java:28)at wdMethods.TestLeafProjectMethods.close(TestLeafProjectMethods.java:28)at wdMethods.TestLeafProjectMethods.close(TestLeafProjectMethods.java:28)at wdMethods.TestLeafProjectMethods.close(TestLeafProjectMethods.java:28)at wdMethods.TestLeafProjectMethods.close(TestLeafProjectMethods.java:28)at wdMethods.TestLeafProjectMethods.close(TestLeafProjectMethods.java:28)at wdMethods.TestLeafProjectMethods.close(TestLeafProjectMethods.java:28)at wdMethods.TestLeafProjectMethods.close(TestLeafProjectMethods.java:28)at wdMethods.TestLeafProjectMethods.close(TestLeafProjectMethods.java:28)at wdMethods.TestLeafProjectMethods.close(TestLeafProjectMethods.java:28)at wdMethods.TestLeafProjectMethods.close(TestLeafProjectMethods.java:28)at wdMethods.TestLeafProjectMethods.close(TestLeafProjectMethods.java:28)at wdMethods.TestLeafProjectMethods.close(TestLeafProjectMethods.java:28)at wdMethods.TestLeafProjectMethods.close(TestLeafProjectMethods.java:28)at wdMethods.TestLeafProjectMethods.close(TestLeafProjectMethods.java:28)at wdMethods.TestLeafProjectMethods.close(TestLeafProjectMethods.java:28)at wdMethods.TestLeafProjectMethods.close(TestLeafProjectMethods.java:28)at wdMethods.TestLeafProjectMethods.close(TestLeafProjectMethods.java:28)at wdMethods.TestLeafProjectMethods.close(TestLeafProjectMethods.java:28)at wdMethods.TestLeafProjectMethods.close(TestLeafProjectMethods.java:28)at wdMethods.TestLeafProjectMethods.close(TestLeafProjectMethods.java:28)at wdMethods.TestLeafProjectMethods.close(TestLeafProjectMethods.java:28)at wdMethods.TestLeafProjectMethods.close(TestLeafProjectMethods.java:28)at wdMethods.TestLeafProjectMethods.close(TestLeafProjectMethods.java:28)at wdMethods.TestLeafProjectMethods.close(TestLeafProjectMethods.java:28)at wdMethods.TestLeafProjectMethods.close(TestLeafProjectMethods.java:28)at wdMethods.TestLeafProjectMethods.close(TestLeafProjectMethods.java:28)at wdMethods.TestLeafProjectMethods.close(TestLeafProjectMethods.java:28)at wdMethods.TestLeafProjectMethods.close(TestLeafProjectMethods.java:28)at wdMethods.TestLeafProjectMethods.close(TestLeafProjectMethods.java:28)at wdMethods.TestLeafProjectMethods.close(TestLeafProjectMethods.java:28)at wdMethods.TestLeafProjectMethods.close(TestLeafProjectMethods.java:28)at wdMethods.TestLeafProjectMethods.close(TestLeafProjectMethods.java:28)at wdMethods.TestLeafProjectMethods.close(TestLeafProjectMethods.java:28)at wdMethods.TestLeafProjectMethods.close(TestLeafProjectMethods.java:28)at wdMethods.TestLeafProjectMethods.close(TestLeafProjectMethods.java:28)at wdMethods.TestLeafProjectMethods.close(TestLeafProjectMethods.java:28)at wdMethods.TestLeafProjectMethods.close(TestLeafProjectMethods.java:28)at wdMethods.TestLeafProjectMethods.close(TestLeafProjectMethods.java:28)at wdMethods.TestLeafProjectMethods.close(TestLeafProjectMethods.java:28)at wdMethods.TestLeafProjectMethods.close(TestLeafProjectMethods.java:28)at wdMethods.TestLeafProjectMethods.close(TestLeafProjectMethods.java:28)at wdMethods.TestLeafProjectMethods.close(TestLeafProjectMethods.java:28)at wdMethods.TestLeafProjectMethods.close(TestLeafProjectMethods.java:28)at wdMethods.TestLeafProjectMethods.close(TestLeafProjectMethods.java:28)at wdMethods.TestLeafProjectMethods.close(TestLeafProjectMethods.java:28)at wdMethods.TestLeafProjectMethods.close(TestLeafProjectMethods.java:28)at wdMethods.TestLeafProjectMethods.close(TestLeafProjectMethods.java:28)at wdMethods.TestLeafProjectMethods.close(TestLeafProjectMethods.java:28)at wdMethods.TestLeafProjectMethods.close(TestLeafProjectMethods.java:28)at wdMethods.TestLeafProjectMethods.close(TestLeafProjectMethods.java:28)at wdMethods.TestLeafProjectMethods.close(TestLeafProjectMethods.java:28)at wdMethods.TestLeafProjectMethods.close(TestLeafProjectMethods.java:28)at wdMethods.TestLeafProjectMethods.close(TestLeafProjectMethods.java:28)at wdMethods.TestLeafProjectMethods.close(TestLeafProjectMethods.java:28)at wdMethods.TestLeafProjectMethods.close(TestLeafProjectMethods.java:28)at wdMethods.TestLeafProjectMethods.close(TestLeafProjectMethods.java:28)at wdMethods.TestLeafProjectMethods.close(TestLeafProjectMethods.java:28)at wdMethods.TestLeafProjectMethods.close(TestLeafProjectMethods.java:28)at wdMethods.TestLeafProjectMethods.close(TestLeafProjectMethods.java:28)at wdMethods.TestLeafProjectMethods.close(TestLeafProjectMethods.java:28)at wdMethods.TestLeafProjectMethods.close(TestLeafProjectMethods.java:28)at wdMethods.TestLeafProjectMethods.close(TestLeafProjectMethods.java:28)at wdMethods.TestLeafProjectMethods.close(TestLeafProjectMethods.java:28)at wdMethods.TestLeafProjectMethods.close(TestLeafProjectMethods.java:28)at wdMethods.TestLeafProjectMethods.close(TestLeafProjectMethods.java:28)at wdMethods.TestLeafProjectMethods.close(TestLeafProjectMethods.java:28)at wdMethods.TestLeafProjectMethods.close(TestLeafProjectMethods.java:28)at wdMethods.TestLeafProjectMethods.close(TestLeafProjectMethods.java:28)at wdMethods.TestLeafProjectMethods.close(TestLeafProjectMethods.java:28)at wdMethods.TestLeafProjectMethods.close(TestLeafProjectMethods.java:28)at wdMethods.TestLeafProjectMethods.close(TestLeafProjectMethods.java:28)at wdMethods.TestLeafProjectMethods.close(TestLeafProjectMethods.java:28)at wdMethods.TestLeafProjectMethods.close(TestLeafProjectMethods.java:28)at wdMethods.TestLeafProjectMethods.close(TestLeafProjectMethods.java:28)at wdMethods.TestLeafProjectMethods.close(TestLeafProjectMethods.java:28)at wdMethods.TestLeafProjectMethods.close(TestLeafProjectMethods.java:28)at wdMethods.TestLeafProjectMethods.close(TestLeafProjectMethods.java:28)at wdMethods.TestLeafProjectMethods.close(TestLeafProjectMethods.java:28)at wdMethods.TestLeafProjectMethods.close(TestLeafProjectMethods.java:28)at wdMethods.TestLeafProjectMethods.close(TestLeafProjectMethods.java:28)at wdMethods.TestLeafProjectMethods.close(TestLeafProjectMethods.java:28)at wdMethods.TestLeafProjectMethods.close(TestLeafProjectMethods.java:28)at wdMethods.TestLeafProjectMethods.close(TestLeafProjectMethods.java:28)at wdMethods.TestLeafProjectMethods.close(TestLeafProjectMethods.java:28)at wdMethods.TestLeafProjectMethods.close(TestLeafProjectMethods.java:28)at wdMethods.TestLeafProjectMethods.close(TestLeafProjectMethods.java:28)at wdMethods.TestLeafProjectMethods.close(TestLeafProjectMethods.java:28)at wdMethods.TestLeafProjectMethods.close(TestLeafProjectMethods.java:28)at wdMethods.TestLeafProjectMethods.close(TestLeafProjectMethods.java:28)at wdMethods.TestLeafProjectMethods.close(TestLeafProjectMethods.java:28)at wdMethods.TestLeafProjectMethods.close(TestLeafProjectMethods.java:28)at wdMethods.TestLeafProjectMethods.close(TestLeafProjectMethods.java:28)at wdMethods.TestLeafProjectMethods.close(TestLeafProjectMethods.java:28)at wdMethods.TestLeafProjectMethods.close(TestLeafProjectMethods.java:28)at wdMethods.TestLeafProjectMethods.close(TestLeafProjectMethods.java:28)at wdMethods.TestLeafProjectMethods.close(TestLeafProjectMethods.java:28)at wdMethods.TestLeafProjectMethods.close(TestLeafProjectMethods.java:28)at wdMethods.TestLeafProjectMethods.close(TestLeafProjectMethods.java:28)at wdMethods.TestLeafProjectMethods.close(TestLeafProjectMethods.java:28)at wdMethods.TestLeafProjectMethods.close(TestLeafProjectMethods.java:28)at wdMethods.TestLeafProjectMethods.close(TestLeafProjectMethods.java:28)at wdMethods.TestLeafProjectMethods.close(TestLeafProjectMethods.java:28)at wdMethods.TestLeafProjectMethods.close(TestLeafProjectMethods.java:28)at wdMethods.TestLeafProjectMethods.close(TestLeafProjectMethods.java:28)at wdMethods.TestLeafProjectMethods.close(TestLeafProjectMethods.java:28)at wdMethods.TestLeafProjectMethods.close(TestLeafProjectMethods.java:28)at wdMethods.TestLeafProjectMethods.close(TestLeafProjectMethods.java:28)at wdMethods.TestLeafProjectMethods.close(TestLeafProjectMethods.java:28)at wdMethods.TestLeafProjectMethods.close(TestLeafProjectMethods.java:28)at wdMethods.TestLeafProjectMethods.close(TestLeafProjectMethods.java:28)at wdMethods.TestLeafProjectMethods.close(TestLeafProjectMethods.java:28)at wdMethods.TestLeafProjectMethods.close(TestLeafProjectMethods.java:28)at wdMethods.TestLeafProjectMethods.close(TestLeafProjectMethods.java:28)at wdMethods.TestLeafProjectMethods.close(TestLeafProjectMethods.java:28)at wdMethods.TestLeafProjectMethods.close(TestLeafProjectMethods.java:28)at wdMethods.TestLeafProjectMethods.close(TestLeafProjectMethods.java:28)at wdMethods.TestLeafProjectMethods.close(TestLeafProjectMethods.java:28)at wdMethods.TestLeafProjectMethods.close(TestLeafProjectMethods.java:28)at wdMethods.TestLeafProjectMethods.close(TestLeafProjectMethods.java:28)at wdMethods.TestLeafProjectMethods.close(TestLeafProjectMethods.java:28)at wdMethods.TestLeafProjectMethods.close(TestLeafProjectMethods.java:28)at wdMethods.TestLeafProjectMethods.close(TestLeafProjectMethods.java:28)at wdMethods.TestLeafProjectMethods.close(TestLeafProjectMethods.java:28)at wdMethods.TestLeafProjectMethods.close(TestLeafProjectMethods.java:28)at wdMethods.TestLeafProjectMethods.close(TestLeafProjectMethods.java:28)at wdMethods.TestLeafProjectMethods.close(TestLeafProjectMethods.java:28)at wdMethods.TestLeafProjectMethods.close(TestLeafProjectMethods.java:28)at wdMethods.TestLeafProjectMethods.close(TestLeafProjectMethods.java:28)at wdMethods.TestLeafProjectMethods.close(TestLeafProjectMethods.java:28)at wdMethods.TestLeafProjectMethods.close(TestLeafProjectMethods.java:28)at wdMethods.TestLeafProjectMethods.close(TestLeafProjectMethods.java:28)at wdMethods.TestLeafProjectMethods.close(TestLeafProjectMethods.java:28)at wdMethods.TestLeafProjectMethods.close(TestLeafProjectMethods.java:28)at wdMethods.TestLeafProjectMethods.close(TestLeafProjectMethods.java:28)at wdMethods.TestLeafProjectMethods.close(TestLeafProjectMethods.java:28)at wdMethods.TestLeafProjectMethods.close(TestLeafProjectMethods.java:28)at wdMethods.TestLeafProjectMethods.close(TestLeafProjectMethods.java:28)at wdMethods.TestLeafProjectMethods.close(TestLeafProjectMethods.java:28)at wdMethods.TestLeafProjectMethods.close(TestLeafProjectMethods.java:28)at wdMethods.TestLeafProjectMethods.close(TestLeafProjectMethods.java:28)at wdMethods.TestLeafProjectMethods.close(TestLeafProjectMethods.java:28)at wdMethods.TestLeafProjectMethods.close(TestLeafProjectMethods.java:28)at wdMethods.TestLeafProjectMethods.close(TestLeafProjectMethods.java:28)at wdMethods.TestLeafProjectMethods.close(TestLeafProjectMethods.java:28)at wdMethods.TestLeafProjectMethods.close(TestLeafProjectMethods.java:28)at wdMethods.TestLeafProjectMethods.close(TestLeafProjectMethods.java:28)at wdMethods.TestLeafProjectMethods.close(TestLeafProjectMethods.java:28)at wdMethods.TestLeafProjectMethods.close(TestLeafProjectMethods.java:28)at wdMethods.TestLeafProjectMethods.close(TestLeafProjectMethods.java:28)at wdMethods.TestLeafProjectMethods.close(TestLeafProjectMethods.java:28)at wdMethods.TestLeafProjectMethods.close(TestLeafProjectMethods.java:28)at wdMethods.TestLeafProjectMethods.close(TestLeafProjectMethods.java:28)at wdMethods.TestLeafProjectMethods.close(TestLeafProjectMethods.java:28)at wdMethods.TestLeafProjectMethods.close(TestLeafProjectMethods.java:28)at wdMethods.TestLeafProjectMethods.close(TestLeafProjectMethods.java:28)at wdMethods.TestLeafProjectMethods.close(TestLeafProjectMethods.java:28)at wdMethods.TestLeafProjectMethods.close(TestLeafProjectMethods.java:28)at wdMethods.TestLeafProjectMethods.close(TestLeafProjectMethods.java:28)at wdMethods.TestLeafProjectMethods.close(TestLeafProjectMethods.java:28)at wdMethods.TestLeafProjectMethods.close(TestLeafProjectMethods.java:28)at wdMethods.TestLeafProjectMethods.close(TestLeafProjectMethods.java:28)at wdMethods.TestLeafProjectMethods.close(TestLeafProjectMethods.java:28)at wdMethods.TestLeafProjectMethods.close(TestLeafProjectMethods.java:28)at wdMethods.TestLeafProjectMethods.close(TestLeafProjectMethods.java:28)at wdMethods.TestLeafProjectMethods.close(TestLeafProjectMethods.java:28)at wdMethods.TestLeafProjectMethods.close(TestLeafProjectMethods.java:28)at wdMethods.TestLeafProjectMethods.close(TestLeafProjectMethods.java:28)at wdMethods.TestLeafProjectMethods.close(TestLeafProjectMethods.java:28)at wdMethods.TestLeafProjectMethods.close(TestLeafProjectMethods.java:28)at wdMethods.TestLeafProjectMethods.close(TestLeafProjectMethods.java:28)at wdMethods.TestLeafProjectMethods.close(TestLeafProjectMethods.java:28)at wdMethods.TestLeafProjectMethods.close(TestLeafProjectMethods.java:28)at wdMethods.TestLeafProjectMethods.close(TestLeafProjectMethods.java:28)at wdMethods.TestLeafProjectMethods.close(TestLeafProjectMethods.java:28)at wdMethods.TestLeafProjectMethods.close(TestLeafProjectMethods.java:28)at wdMethods.TestLeafProjectMethods.close(TestLeafProjectMethods.java:28)at wdMethods.TestLeafProjectMethods.close(TestLeafProjectMethods.java:28)at wdMethods.TestLeafProjectMethods.close(TestLeafProjectMethods.java:28)at wdMethods.TestLeafProjectMethods.close(TestLeafProjectMethods.java:28)at wdMethods.TestLeafProjectMethods.close(TestLeafProjectMethods.java:28)at wdMethods.TestLeafProjectMethods.close(TestLeafProjectMethods.java:28)at wdMethods.TestLeafProjectMethods.close(TestLeafProjectMethods.java:28)at wdMethods.TestLeafProjectMethods.close(TestLeafProjectMethods.java:28)at wdMethods.TestLeafProjectMethods.close(TestLeafProjectMethods.java:28)at wdMethods.TestLeafProjectMethods.close(TestLeafProjectMethods.java:28)at wdMethods.TestLeafProjectMethods.close(TestLeafProjectMethods.java:28)at wdMethods.TestLeafProjectMethods.close(TestLeafProjectMethods.java:28)at wdMethods.TestLeafProjectMethods.close(TestLeafProjectMethods.java:28)at wdMethods.TestLeafProjectMethods.close(TestLeafProjectMethods.java:28)at wdMethods.TestLeafProjectMethods.close(TestLeafProjectMethods.java:28)at wdMethods.TestLeafProjectMethods.close(TestLeafProjectMethods.java:28)at wdMethods.TestLeafProjectMethods.close(TestLeafProjectMethods.java:28)at wdMethods.TestLeafProjectMethods.close(TestLeafProjectMethods.java:28)at wdMethods.TestLeafProjectMethods.close(TestLeafProjectMethods.java:28)at wdMethods.TestLeafProjectMethods.close(TestLeafProjectMethods.java:28)at wdMethods.TestLeafProjectMethods.close(TestLeafProjectMethods.java:28)at wdMethods.TestLeafProjectMethods.close(TestLeafProjectMethods.java:28)at wdMethods.TestLeafProjectMethods.close(TestLeafProjectMethods.java:28)at wdMethods.TestLeafProjectMethods.close(TestLeafProjectMethods.java:28)at wdMethods.TestLeafProjectMethods.close(TestLeafProjectMethods.java:28)at wdMethods.TestLeafProjectMethods.close(TestLeafProjectMethods.java:28)at wdMethods.TestLeafProjectMethods.close(TestLeafProjectMethods.java:28)at wdMethods.TestLeafProjectMethods.close(TestLeafProjectMethods.java:28)at wdMethods.TestLeafProjectMethods.close(TestLeafProjectMethods.java:28)at wdMethods.TestLeafProjectMethods.close(TestLeafProjectMethods.java:28)at wdMethods.TestLeafProjectMethods.close(TestLeafProjectMethods.java:28)at wdMethods.TestLeafProjectMethods.close(TestLeafProjectMethods.java:28)at wdMethods.TestLeafProjectMethods.close(TestLeafProjectMethods.java:28)at wdMethods.TestLeafProjectMethods.close(TestLeafProjectMethods.java:28)at wdMethods.TestLeafProjectMethods.close(TestLeafProjectMethods.java:28)at wdMethods.TestLeafProjectMethods.close(TestLeafProjectMethods.java:28)at wdMethods.TestLeafProjectMethods.close(TestLeafProjectMethods.java:28)at wdMethods.TestLeafProjectMethods.close(TestLeafProjectMethods.java:28)at wdMethods.TestLeafProjectMethods.close(TestLeafProjectMethods.java:28)at wdMethods.TestLeafProjectMethods.close(TestLeafProjectMethods.java:28)at wdMethods.TestLeafProjectMethods.close(TestLeafProjectMethods.java:28)at wdMethods.TestLeafProjectMethods.close(TestLeafProjectMethods.java:28)at wdMethods.TestLeafProjectMethods.close(TestLeafProjectMethods.java:28)at wdMethods.TestLeafProjectMethods.close(TestLeafProjectMethods.java:28)at wdMethods.TestLeafProjectMethods.close(TestLeafProjectMethods.java:28)at wdMethods.TestLeafProjectMethods.close(TestLeafProjectMethods.java:28)at wdMethods.TestLeafProjectMethods.close(TestLeafProjectMethods.java:28)at wdMethods.TestLeafProjectMethods.close(TestLeafProjectMethods.java:28)at wdMethods.TestLeafProjectMethods.close(TestLeafProjectMethods.java:28)at wdMethods.TestLeafProjectMethods.close(TestLeafProjectMethods.java:28)at wdMethods.TestLeafProjectMethods.close(TestLeafProjectMethods.java:28)at wdMethods.TestLeafProjectMethods.close(TestLeafProjectMethods.java:28)at wdMethods.TestLeafProjectMethods.close(TestLeafProjectMethods.java:28)at wdMethods.TestLeafProjectMethods.close(TestLeafProjectMethods.java:28)at wdMethods.TestLeafProjectMethods.close(TestLeafProjectMethods.java:28)at wdMethods.TestLeafProjectMethods.close(TestLeafProjectMethods.java:28)at wdMethods.TestLeafProjectMethods.close(TestLeafProjectMethods.java:28)at wdMethods.TestLeafProjectMethods.close(TestLeafProjectMethods.java:28)at wdMethods.TestLeafProjectMethods.close(TestLeafProjectMethods.java:28)at wdMethods.TestLeafProjectMethods.close(TestLeafProjectMethods.java:28)at wdMethods.TestLeafProjectMethods.close(TestLeafProjectMethods.java:28)at wdMethods.TestLeafProjectMethods.close(TestLeafProjectMethods.java:28)at wdMethods.TestLeafProjectMethods.close(TestLeafProjectMethods.java:28)at wdMethods.TestLeafProjectMethods.close(TestLeafProjectMethods.java:28)at wdMethods.TestLeafProjectMethods.close(TestLeafProjectMethods.java:28)at wdMethods.TestLeafProjectMethods.close(TestLeafProjectMethods.java:28)at wdMethods.TestLeafProjectMethods.close(TestLeafProjectMethods.java:28)at wdMethods.TestLeafProjectMethods.close(TestLeafProjectMethods.java:28)at wdMethods.TestLeafProjectMethods.close(TestLeafProjectMethods.java:28)at wdMethods.TestLeafProjectMethods.close(TestLeafProjectMethods.java:28)at wdMethods.TestLeafProjectMethods.close(TestLeafProjectMethods.java:28)at wdMethods.TestLeafProjectMethods.close(TestLeafProjectMethods.java:28)at wdMethods.TestLeafProjectMethods.close(TestLeafProjectMethods.java:28)at wdMethods.TestLeafProjectMethods.close(TestLeafProjectMethods.java:28)at wdMethods.TestLeafProjectMethods.close(TestLeafProjectMethods.java:28)at wdMethods.TestLeafProjectMethods.close(TestLeafProjectMethods.java:28)at wdMethods.TestLeafProjectMethods.close(TestLeafProjectMethods.java:28)at wdMethods.TestLeafProjectMethods.close(TestLeafProjectMethods.java:28)at wdMethods.TestLeafProjectMethods.close(TestLeafProjectMethods.java:28)at wdMethods.TestLeafProjectMethods.close(TestLeafProjectMethods.java:28)at wdMethods.TestLeafProjectMethods.close(TestLeafProjectMethods.java:28)at wdMethods.TestLeafProjectMethods.close(TestLeafProjectMethods.java:28)at wdMethods.TestLeafProjectMethods.close(TestLeafProjectMethods.java:28)at wdMethods.TestLeafProjectMethods.close(TestLeafProjectMethods.java:28)at wdMethods.TestLeafProjectMethods.close(TestLeafProjectMethods.java:28)at wdMethods.TestLeafProjectMethods.close(TestLeafProjectMethods.java:28)at wdMethods.TestLeafProjectMethods.close(TestLeafProjectMethods.java:28)at wdMethods.TestLeafProjectMethods.close(TestLeafProjectMethods.java:28)at wdMethods.TestLeafProjectMethods.close(TestLeafProjectMethods.java:28)at wdMethods.TestLeafProjectMethods.close(TestLeafProjectMethods.java:28)at wdMethods.TestLeafProjectMethods.close(TestLeafProjectMethods.java:28)at wdMethods.TestLeafProjectMethods.close(TestLeafProjectMethods.java:28)at wdMethods.TestLeafProjectMethods.close(TestLeafProjectMethods.java:28)at wdMethods.TestLeafProjectMethods.close(TestLeafProjectMethods.java:28)at wdMethods.TestLeafProjectMethods.close(TestLeafProjectMethods.java:28)at wdMethods.TestLeafProjectMethods.close(TestLeafProjectMethods.java:28)at wdMethods.TestLeafProjectMethods.close(TestLeafProjectMethods.java:28)at wdMethods.TestLeafProjectMethods.close(TestLeafProjectMethods.java:28)at wdMethods.TestLeafProjectMethods.close(TestLeafProjectMethods.java:28)at wdMethods.TestLeafProjectMethods.close(TestLeafProjectMethods.java:28)at wdMethods.TestLeafProjectMethods.close(TestLeafProjectMethods.java:28)at wdMethods.TestLeafProjectMethods.close(TestLeafProjectMethods.java:28)at wdMethods.TestLeafProjectMethods.close(TestLeafProjectMethods.java:28)at wdMethods.TestLeafProjectMethods.close(TestLeafProjectMethods.java:28)at wdMethods.TestLeafProjectMethods.close(TestLeafProjectMethods.java:28)at wdMethods.TestLeafProjectMethods.close(TestLeafProjectMethods.java:28)at wdMethods.TestLeafProjectMethods.close(TestLeafProjectMethods.java:28)at wdMethods.TestLeafProjectMethods.close(TestLeafProjectMethods.java:28)at wdMethods.TestLeafProjectMethods.close(TestLeafProjectMethods.java:28)at wdMethods.TestLeafProjectMethods.close(TestLeafProjectMethods.java:28)at wdMethods.TestLeafProjectMethods.close(TestLeafProjectMethods.java:28)at wdMethods.TestLeafProjectMethods.close(TestLeafProjectMethods.java:28)at wdMethods.TestLeafProjectMethods.close(TestLeafProjectMethods.java:28)at wdMethods.TestLeafProjectMethods.close(TestLeafProjectMethods.java:28)at wdMethods.TestLeafProjectMethods.close(TestLeafProjectMethods.java:28)at wdMethods.TestLeafProjectMethods.close(TestLeafProjectMethods.java:28)at wdMethods.TestLeafProjectMethods.close(TestLeafProjectMethods.java:28)at wdMethods.TestLeafProjectMethods.close(TestLeafProjectMethods.java:28)at wdMethods.TestLeafProjectMethods.close(TestLeafProjectMethods.java:28)at wdMethods.TestLeafProjectMethods.close(TestLeafProjectMethods.java:28)]]>
    </error>
  </testcase> <!-- close -->
  <testcase name="createLead" time="0.000" classname="parameter.dataprovider.CreateLeadWdMethodsImple">
    <skipped/>
  </testcase> <!-- createLead -->
  <testcase name="createLead" time="14.799" classname="parameter.dataprovider.CreateLeadWdMethodsImple"/>
</testsuite> <!-- parameter.dataprovider.CreateLeadWdMethodsImple -->
