<?xml version="1.0" encoding="UTF-8"?>
<!-- Generated by org.testng.reporters.JUnitReportReporter -->
<testsuite skipped="0" hostname="sekhar" name="week4day4.testng.classes.parallel.threadcount2.CreateLeadWdMethodsImple" tests="1" failures="0" timestamp="05 Apr 2018 19:12:58 GMT" time="68.401" errors="0">
  <testcase name="createLead" time="68.401" classname="week4day4.testng.classes.parallel.threadcount2.CreateLeadWdMethodsImple"/>
</testsuite> <!-- week4day4.testng.classes.parallel.threadcount2.CreateLeadWdMethodsImple -->
