<?xml version="1.0" encoding="UTF-8"?>
<!-- Generated by org.testng.reporters.JUnitReportReporter -->
<testsuite skipped="0" hostname="sekhar" name="weeek2day2.CreateLeadWdMethodsImple" tests="1" failures="0" timestamp="31 Mar 2018 16:46:49 GMT" time="31.611" errors="0">
  <testcase name="createLead" time="31.611" classname="weeek2day2.CreateLeadWdMethodsImple"/>
</testsuite> <!-- weeek2day2.CreateLeadWdMethodsImple -->
