<?xml version="1.0" encoding="UTF-8"?>
<!-- Generated by org.testng.reporters.JUnitReportReporter -->
<testsuite skipped="1" hostname="sekhar" name="week4day4.testng.DeleteLeadWdMethods" tests="1" failures="0" timestamp="03 Apr 2018 17:55:02 GMT" time="0.000" errors="0">
  <testcase name="deleteLeadWdMethods" time="0.000" classname="week4day4.testng.DeleteLeadWdMethods">
    <skipped/>
  </testcase> <!-- deleteLeadWdMethods -->
</testsuite> <!-- week4day4.testng.DeleteLeadWdMethods -->
