<?xml version="1.0" encoding="UTF-8"?>
<!-- Generated by org.testng.reporters.JUnitReportReporter -->
<testsuite skipped="0" hostname="sekhar" name="week4day4.testng.createeditinsequence.mergedeleteinparallel.EditLeadWdMethodsImple1" tests="1" failures="0" timestamp="05 Apr 2018 18:33:14 GMT" time="56.213" errors="0">
  <testcase name="editLead" time="56.213" classname="week4day4.testng.createeditinsequence.mergedeleteinparallel.EditLeadWdMethodsImple1"/>
</testsuite> <!-- week4day4.testng.createeditinsequence.mergedeleteinparallel.EditLeadWdMethodsImple1 -->
