<?xml version="1.0" encoding="UTF-8"?>
<!-- Generated by org.testng.reporters.JUnitReportReporter -->
<testsuite skipped="0" hostname="sekhar" name="parameter.CreateLeadWdMethodsImple" tests="2" failures="0" timestamp="07 Apr 2018 15:22:48 GMT" time="58.325" errors="1">
  <testcase name="createLead" time="58.325" classname="parameter.CreateLeadWdMethodsImple"/>
  <testcase name="close" time="0.000" classname="parameter.CreateLeadWdMethodsImple">
    <error type="java.lang.StackOverflowError">
      <![CDATA[java.lang.StackOverflowError
at wdMethods.TestLeafProjectMethods.close(TestLeafProjectMethods.java:28)
at wdMethods.TestLeafProjectMethods.close(TestLeafProjectMethods.java:28)
at wdMethods.TestLeafProjectMethods.close(TestLeafProjectMethods.java:28)
at wdMethods.TestLeafProjectMethods.close(TestLeafProjectMethods.java:28)
at wdMethods.TestLeafProjectMethods.close(TestLeafProjectMethods.java:28)
at wdMethods.TestLeafProjectMethods.close(TestLeafProjectMethods.java:28)
at wdMethods.TestLeafProjectMethods.close(TestLeafProjectMethods.java:28)
at wdMethods.TestLeafProjectMethods.close(TestLeafProjectMethods.java:28)
at wdMethods.TestLeafProjectMethods.close(TestLeafProjectMethods.java:28)
at wdMethods.TestLeafProjectMethods.close(TestLeafProjectMethods.java:28)
at wdMethods.TestLeafProjectMethods.close(TestLeafProjectMethods.java:28)
at wdMethods.TestLeafProjectMethods.close(TestLeafProjectMethods.java:28)
at wdMethods.TestLeafProjectMethods.close(TestLeafProjectMethods.java:28)
at wdMethods.TestLeafProjectMethods.close(TestLeafProjectMethods.java:28)
at wdMethods.TestLeafProjectMethods.close(TestLeafProjectMethods.java:28)
at wdMethods.TestLeafProjectMethods.close(TestLeafProjectMethods.java:28)
at wdMethods.TestLeafProjectMethods.close(TestLeafProjectMethods.java:28)
at wdMethods.TestLeafProjectMethods.close(TestLeafProjectMethods.java:28)
at wdMethods.TestLeafProjectMethods.close(TestLeafProjectMethods.java:28)
at wdMethods.TestLeafProjectMethods.close(TestLeafProjectMethods.java:28)
at wdMethods.TestLeafProjectMethods.close(TestLeafProjectMethods.java:28)
at wdMethods.TestLeafProjectMethods.close(TestLeafProjectMethods.java:28)
at wdMethods.TestLeafProjectMethods.close(TestLeafProjectMethods.java:28)
at wdMethods.TestLeafProjectMethods.close(TestLeafProjectMethods.java:28)
at wdMethods.TestLeafProjectMethods.close(TestLeafProjectMethods.java:28)
at wdMethods.TestLeafProjectMethods.close(TestLeafProjectMethods.java:28)
at wdMethods.TestLeafProjectMethods.close(TestLeafProjectMethods.java:28)
at wdMethods.TestLeafProjectMethods.close(TestLeafProjectMethods.java:28)
at wdMethods.TestLeafProjectMethods.close(TestLeafProjectMethods.java:28)
at wdMethods.TestLeafProjectMethods.close(TestLeafProjectMethods.java:28)
at wdMethods.TestLeafProjectMethods.close(TestLeafProjectMethods.java:28)
at wdMethods.TestLeafProjectMethods.close(TestLeafProjectMethods.java:28)
at wdMethods.TestLeafProjectMethods.close(TestLeafProjectMethods.java:28)
at wdMethods.TestLeafProjectMethods.close(TestLeafProjectMethods.java:28)
at wdMethods.TestLeafProjectMethods.close(TestLeafProjectMethods.java:28)
at wdMethods.TestLeafProjectMethods.close(TestLeafProjectMethods.java:28)
at wdMethods.TestLeafProjectMethods.close(TestLeafProjectMethods.java:28)
at wdMethods.TestLeafProjectMethods.close(TestLeafProjectMethods.java:28)
at wdMethods.TestLeafProjectMethods.close(TestLeafProjectMethods.java:28)
at wdMethods.TestLeafProjectMethods.close(TestLeafProjectMethods.java:28)
at wdMethods.TestLeafProjectMethods.close(TestLeafProjectMethods.java:28)
at wdMethods.TestLeafProjectMethods.close(TestLeafProjectMethods.java:28)
at wdMethods.TestLeafProjectMethods.close(TestLeafProjectMethods.java:28)
at wdMethods.TestLeafProjectMethods.close(TestLeafProjectMethods.java:28)
at wdMethods.TestLeafProjectMethods.close(TestLeafProjectMethods.java:28)
at wdMethods.TestLeafProjectMethods.close(TestLeafProjectMethods.java:28)
at wdMethods.TestLeafProjectMethods.close(TestLeafProjectMethods.java:28)
at wdMethods.TestLeafProjectMethods.close(TestLeafProjectMethods.java:28)
at wdMethods.TestLeafProjectMethods.close(TestLeafProjectMethods.java:28)
at wdMethods.TestLeafProjectMethods.close(TestLeafProjectMethods.java:28)
at wdMethods.TestLeafProjectMethods.close(TestLeafProjectMethods.java:28)
at wdMethods.TestLeafProjectMethods.close(TestLeafProjectMethods.java:28)
at wdMethods.TestLeafProjectMethods.close(TestLeafProjectMethods.java:28)
at wdMethods.TestLeafProjectMethods.close(TestLeafProjectMethods.java:28)
at wdMethods.TestLeafProjectMethods.close(TestLeafProjectMethods.java:28)
at wdMethods.TestLeafProjectMethods.close(TestLeafProjectMethods.java:28)
at wdMethods.TestLeafProjectMethods.close(TestLeafProjectMethods.java:28)
at wdMethods.TestLeafProjectMethods.close(TestLeafProjectMethods.java:28)
at wdMethods.TestLeafProjectMethods.close(TestLeafProjectMethods.java:28)
at wdMethods.TestLeafProjectMethods.close(TestLeafProjectMethods.java:28)
at wdMethods.TestLeafProjectMethods.close(TestLeafProjectMethods.java:28)
at wdMethods.TestLeafProjectMethods.close(TestLeafProjectMethods.java:28)
at wdMethods.TestLeafProjectMethods.close(TestLeafProjectMethods.java:28)
at wdMethods.TestLeafProjectMethods.close(TestLeafProjectMethods.java:28)
at wdMethods.TestLeafProjectMethods.close(TestLeafProjectMethods.java:28)
at wdMethods.TestLeafProjectMethods.close(TestLeafProjectMethods.java:28)
at wdMethods.TestLeafProjectMethods.close(TestLeafProjectMethods.java:28)
at wdMethods.TestLeafProjectMethods.close(TestLeafProjectMethods.java:28)
at wdMethods.TestLeafProjectMethods.close(TestLeafProjectMethods.java:28)
at wdMethods.TestLeafProjectMethods.close(TestLeafProjectMethods.java:28)
at wdMethods.TestLeafProjectMethods.close(TestLeafProjectMethods.java:28)
at wdMethods.TestLeafProjectMethods.close(TestLeafProjectMethods.java:28)
at wdMethods.TestLeafProjectMethods.close(TestLeafProjectMethods.java:28)
at wdMethods.TestLeafProjectMethods.close(TestLeafProjectMethods.java:28)
at wdMethods.TestLeafProjectMethods.close(TestLeafProjectMethods.java:28)
at wdMethods.TestLeafProjectMethods.close(TestLeafProjectMethods.java:28)
at wdMethods.TestLeafProjectMethods.close(TestLeafProjectMethods.java:28)
at wdMethods.TestLeafProjectMethods.close(TestLeafProjectMethods.java:28)
at wdMethods.TestLeafProjectMethods.close(TestLeafProjectMethods.java:28)
at wdMethods.TestLeafProjectMethods.close(TestLeafProjectMethods.java:28)
at wdMethods.TestLeafProjectMethods.close(TestLeafProjectMethods.java:28)
at wdMethods.TestLeafProjectMethods.close(TestLeafProjectMethods.java:28)
at wdMethods.TestLeafProjectMethods.close(TestLeafProjectMethods.java:28)
at wdMethods.TestLeafProjectMethods.close(TestLeafProjectMethods.java:28)
at wdMethods.TestLeafProjectMethods.close(TestLeafProjectMethods.java:28)
at wdMethods.TestLeafProjectMethods.close(TestLeafProjectMethods.java:28)
at wdMethods.TestLeafProjectMethods.close(TestLeafProjectMethods.java:28)
at wdMethods.TestLeafProjectMethods.close(TestLeafProjectMethods.java:28)
at wdMethods.TestLeafProjectMethods.close(TestLeafProjectMethods.java:28)
at wdMethods.TestLeafProjectMethods.close(TestLeafProjectMethods.java:28)
at wdMethods.TestLeafProjectMethods.close(TestLeafProjectMethods.java:28)
at wdMethods.TestLeafProjectMethods.close(TestLeafProjectMethods.java:28)
at wdMethods.TestLeafProjectMethods.close(TestLeafProjectMethods.java:28)
at wdMethods.TestLeafProjectMethods.close(TestLeafProjectMethods.java:28)
at wdMethods.TestLeafProjectMethods.close(TestLeafProjectMethods.java:28)
at wdMethods.TestLeafProjectMethods.close(TestLeafProjectMethods.java:28)
at wdMethods.TestLeafProjectMethods.close(TestLeafProjectMethods.java:28)
at wdMethods.TestLeafProjectMethods.close(TestLeafProjectMethods.java:28)
at wdMethods.TestLeafProjectMethods.close(TestLeafProjectMethods.java:28)
at wdMethods.TestLeafProjectMethods.close(TestLeafProjectMethods.java:28)
at wdMethods.TestLeafProjectMethods.close(TestLeafProjectMethods.java:28)
at wdMethods.TestLeafProjectMethods.close(TestLeafProjectMethods.java:28)
at wdMethods.TestLeafProjectMethods.close(TestLeafProjectMethods.java:28)
at wdMethods.TestLeafProjectMethods.close(TestLeafProjectMethods.java:28)
at wdMethods.TestLeafProjectMethods.close(TestLeafProjectMethods.java:28)
at wdMethods.TestLeafProjectMethods.close(TestLeafProjectMethods.java:28)
at wdMethods.TestLeafProjectMethods.close(TestLeafProjectMethods.java:28)
at wdMethods.TestLeafProjectMethods.close(TestLeafProjectMethods.java:28)
at wdMethods.TestLeafProjectMethods.close(TestLeafProjectMethods.java:28)
at wdMethods.TestLeafProjectMethods.close(TestLeafProjectMethods.java:28)
at wdMethods.TestLeafProjectMethods.close(TestLeafProjectMethods.java:28)
at wdMethods.TestLeafProjectMethods.close(TestLeafProjectMethods.java:28)
at wdMethods.TestLeafProjectMethods.close(TestLeafProjectMethods.java:28)
at wdMethods.TestLeafProjectMethods.close(TestLeafProjectMethods.java:28)
at wdMethods.TestLeafProjectMethods.close(TestLeafProjectMethods.java:28)
at wdMethods.TestLeafProjectMethods.close(TestLeafProjectMethods.java:28)
at wdMethods.TestLeafProjectMethods.close(TestLeafProjectMethods.java:28)
at wdMethods.TestLeafProjectMethods.close(TestLeafProjectMethods.java:28)
at wdMethods.TestLeafProjectMethods.close(TestLeafProjectMethods.java:28)
at wdMethods.TestLeafProjectMethods.close(TestLeafProjectMethods.java:28)
at wdMethods.TestLeafProjectMethods.close(TestLeafProjectMethods.java:28)
at wdMethods.TestLeafProjectMethods.close(TestLeafProjectMethods.java:28)
at wdMethods.TestLeafProjectMethods.close(TestLeafProjectMethods.java:28)
at wdMethods.TestLeafProjectMethods.close(TestLeafProjectMethods.java:28)
at wdMethods.TestLeafProjectMethods.close(TestLeafProjectMethods.java:28)
at wdMethods.TestLeafProjectMethods.close(TestLeafProjectMethods.java:28)
at wdMethods.TestLeafProjectMethods.close(TestLeafProjectMethods.java:28)
at wdMethods.TestLeafProjectMethods.close(TestLeafProjectMethods.java:28)
at wdMethods.TestLeafProjectMethods.close(TestLeafProjectMethods.java:28)
at wdMethods.TestLeafProjectMethods.close(TestLeafProjectMethods.java:28)
at wdMethods.TestLeafProjectMethods.close(TestLeafProjectMethods.java:28)
at wdMethods.TestLeafProjectMethods.close(TestLeafProjectMethods.java:28)
at wdMethods.TestLeafProjectMethods.close(TestLeafProjectMethods.java:28)
at wdMethods.TestLeafProjectMethods.close(TestLeafProjectMethods.java:28)
at wdMethods.TestLeafProjectMethods.close(TestLeafProjectMethods.java:28)
at wdMethods.TestLeafProjectMethods.close(TestLeafProjectMethods.java:28)
at wdMethods.TestLeafProjectMethods.close(TestLeafProjectMethods.java:28)
at wdMethods.TestLeafProjectMethods.close(TestLeafProjectMethods.java:28)
at wdMethods.TestLeafProjectMethods.close(TestLeafProjectMethods.java:28)
at wdMethods.TestLeafProjectMethods.close(TestLeafProjectMethods.java:28)
at wdMethods.TestLeafProjectMethods.close(TestLeafProjectMethods.java:28)
at wdMethods.TestLeafProjectMethods.close(TestLeafProjectMethods.java:28)
at wdMethods.TestLeafProjectMethods.close(TestLeafProjectMethods.java:28)
at wdMethods.TestLeafProjectMethods.close(TestLeafProjectMethods.java:28)
at wdMethods.TestLeafProjectMethods.close(TestLeafProjectMethods.java:28)
at wdMethods.TestLeafProjectMethods.close(TestLeafProjectMethods.java:28)
at wdMethods.TestLeafProjectMethods.close(TestLeafProjectMethods.java:28)
at wdMethods.TestLeafProjectMethods.close(TestLeafProjectMethods.java:28)
at wdMethods.TestLeafProjectMethods.close(TestLeafProjectMethods.java:28)
at wdMethods.TestLeafProjectMethods.close(TestLeafProjectMethods.java:28)
at wdMethods.TestLeafProjectMethods.close(TestLeafProjectMethods.java:28)
at wdMethods.TestLeafProjectMethods.close(TestLeafProjectMethods.java:28)
at wdMethods.TestLeafProjectMethods.close(TestLeafProjectMethods.java:28)
at wdMethods.TestLeafProjectMethods.close(TestLeafProjectMethods.java:28)
at wdMethods.TestLeafProjectMethods.close(TestLeafProjectMethods.java:28)
at wdMethods.TestLeafProjectMethods.close(TestLeafProjectMethods.java:28)
at wdMethods.TestLeafProjectMethods.close(TestLeafProjectMethods.java:28)
at wdMethods.TestLeafProjectMethods.close(TestLeafProjectMethods.java:28)
at wdMethods.TestLeafProjectMethods.close(TestLeafProjectMethods.java:28)
at wdMethods.TestLeafProjectMethods.close(TestLeafProjectMethods.java:28)
at wdMethods.TestLeafProjectMethods.close(TestLeafProjectMethods.java:28)
at wdMethods.TestLeafProjectMethods.close(TestLeafProjectMethods.java:28)
at wdMethods.TestLeafProjectMethods.close(TestLeafProjectMethods.java:28)
at wdMethods.TestLeafProjectMethods.close(TestLeafProjectMethods.java:28)
at wdMethods.TestLeafProjectMethods.close(TestLeafProjectMethods.java:28)
at wdMethods.TestLeafProjectMethods.close(TestLeafProjectMethods.java:28)
at wdMethods.TestLeafProjectMethods.close(TestLeafProjectMethods.java:28)
at wdMethods.TestLeafProjectMethods.close(TestLeafProjectMethods.java:28)
at wdMethods.TestLeafProjectMethods.close(TestLeafProjectMethods.java:28)
at wdMethods.TestLeafProjectMethods.close(TestLeafProjectMethods.java:28)
at wdMethods.TestLeafProjectMethods.close(TestLeafProjectMethods.java:28)
at wdMethods.TestLeafProjectMethods.close(TestLeafProjectMethods.java:28)
at wdMethods.TestLeafProjectMethods.close(TestLeafProjectMethods.java:28)
at wdMethods.TestLeafProjectMethods.close(TestLeafProjectMethods.java:28)
at wdMethods.TestLeafProjectMethods.close(TestLeafProjectMethods.java:28)
at wdMethods.TestLeafProjectMethods.close(TestLeafProjectMethods.java:28)
at wdMethods.TestLeafProjectMethods.close(TestLeafProjectMethods.java:28)
at wdMethods.TestLeafProjectMethods.close(TestLeafProjectMethods.java:28)
at wdMethods.TestLeafProjectMethods.close(TestLeafProjectMethods.java:28)
at wdMethods.TestLeafProjectMethods.close(TestLeafProjectMethods.java:28)
at wdMethods.TestLeafProjectMethods.close(TestLeafProjectMethods.java:28)
at wdMethods.TestLeafProjectMethods.close(TestLeafProjectMethods.java:28)
at wdMethods.TestLeafProjectMethods.close(TestLeafProjectMethods.java:28)
at wdMethods.TestLeafProjectMethods.close(TestLeafProjectMethods.java:28)
at wdMethods.TestLeafProjectMethods.close(TestLeafProjectMethods.java:28)
at wdMethods.TestLeafProjectMethods.close(TestLeafProjectMethods.java:28)
at wdMethods.TestLeafProjectMethods.close(TestLeafProjectMethods.java:28)
at wdMethods.TestLeafProjectMethods.close(TestLeafProjectMethods.java:28)
at wdMethods.TestLeafProjectMethods.close(TestLeafProjectMethods.java:28)
at wdMethods.TestLeafProjectMethods.close(TestLeafProjectMethods.java:28)
at wdMethods.TestLeafProjectMethods.close(TestLeafProjectMethods.java:28)
at wdMethods.TestLeafProjectMethods.close(TestLeafProjectMethods.java:28)
at wdMethods.TestLeafProjectMethods.close(TestLeafProjectMethods.java:28)
at wdMethods.TestLeafProjectMethods.close(TestLeafProjectMethods.java:28)
at wdMethods.TestLeafProjectMethods.close(TestLeafProjectMethods.java:28)
at wdMethods.TestLeafProjectMethods.close(TestLeafProjectMethods.java:28)
at wdMethods.TestLeafProjectMethods.close(TestLeafProjectMethods.java:28)
at wdMethods.TestLeafProjectMethods.close(TestLeafProjectMethods.java:28)
at wdMethods.TestLeafProjectMethods.close(TestLeafProjectMethods.java:28)
at wdMethods.TestLeafProjectMethods.close(TestLeafProjectMethods.java:28)
at wdMethods.TestLeafProjectMethods.close(TestLeafProjectMethods.java:28)
at wdMethods.TestLeafProjectMethods.close(TestLeafProjectMethods.java:28)
at wdMethods.TestLeafProjectMethods.close(TestLeafProjectMethods.java:28)
at wdMethods.TestLeafProjectMethods.close(TestLeafProjectMethods.java:28)
at wdMethods.TestLeafProjectMethods.close(TestLeafProjectMethods.java:28)
at wdMethods.TestLeafProjectMethods.close(TestLeafProjectMethods.java:28)
at wdMethods.TestLeafProjectMethods.close(TestLeafProjectMethods.java:28)
at wdMethods.TestLeafProjectMethods.close(TestLeafProjectMethods.java:28)
at wdMethods.TestLeafProjectMethods.close(TestLeafProjectMethods.java:28)
at wdMethods.TestLeafProjectMethods.close(TestLeafProjectMethods.java:28)
at wdMethods.TestLeafProjectMethods.close(TestLeafProjectMethods.java:28)
at wdMethods.TestLeafProjectMethods.close(TestLeafProjectMethods.java:28)
at wdMethods.TestLeafProjectMethods.close(TestLeafProjectMethods.java:28)
at wdMethods.TestLeafProjectMethods.close(TestLeafProjectMethods.java:28)
at wdMethods.TestLeafProjectMethods.close(TestLeafProjectMethods.java:28)
at wdMethods.TestLeafProjectMethods.close(TestLeafProjectMethods.java:28)
at wdMethods.TestLeafProjectMethods.close(TestLeafProjectMethods.java:28)
at wdMethods.TestLeafProjectMethods.close(TestLeafProjectMethods.java:28)
at wdMethods.TestLeafProjectMethods.close(TestLeafProjectMethods.java:28)
at wdMethods.TestLeafProjectMethods.close(TestLeafProjectMethods.java:28)
at wdMethods.TestLeafProjectMethods.close(TestLeafProjectMethods.java:28)
at wdMethods.TestLeafProjectMethods.close(TestLeafProjectMethods.java:28)
at wdMethods.TestLeafProjectMethods.close(TestLeafProjectMethods.java:28)
at wdMethods.TestLeafProjectMethods.close(TestLeafProjectMethods.java:28)
at wdMethods.TestLeafProjectMethods.close(TestLeafProjectMethods.java:28)
at wdMethods.TestLeafProjectMethods.close(TestLeafProjectMethods.java:28)
at wdMethods.TestLeafProjectMethods.close(TestLeafProjectMethods.java:28)
at wdMethods.TestLeafProjectMethods.close(TestLeafProjectMethods.java:28)
at wdMethods.TestLeafProjectMethods.close(TestLeafProjectMethods.java:28)
at wdMethods.TestLeafProjectMethods.close(TestLeafProjectMethods.java:28)
at wdMethods.TestLeafProjectMethods.close(TestLeafProjectMethods.java:28)
at wdMethods.TestLeafProjectMethods.close(TestLeafProjectMethods.java:28)
at wdMethods.TestLeafProjectMethods.close(TestLeafProjectMethods.java:28)
at wdMethods.TestLeafProjectMethods.close(TestLeafProjectMethods.java:28)
at wdMethods.TestLeafProjectMethods.close(TestLeafProjectMethods.java:28)
at wdMethods.TestLeafProjectMethods.close(TestLeafProjectMethods.java:28)
at wdMethods.TestLeafProjectMethods.close(TestLeafProjectMethods.java:28)
at wdMethods.TestLeafProjectMethods.close(TestLeafProjectMethods.java:28)
at wdMethods.TestLeafProjectMethods.close(TestLeafProjectMethods.java:28)
at wdMethods.TestLeafProjectMethods.close(TestLeafProjectMethods.java:28)
at wdMethods.TestLeafProjectMethods.close(TestLeafProjectMethods.java:28)
at wdMethods.TestLeafProjectMethods.close(TestLeafProjectMethods.java:28)
at wdMethods.TestLeafProjectMethods.close(TestLeafProjectMethods.java:28)
at wdMethods.TestLeafProjectMethods.close(TestLeafProjectMethods.java:28)
at wdMethods.TestLeafProjectMethods.close(TestLeafProjectMethods.java:28)
at wdMethods.TestLeafProjectMethods.close(TestLeafProjectMethods.java:28)
at wdMethods.TestLeafProjectMethods.close(TestLeafProjectMethods.java:28)
at wdMethods.TestLeafProjectMethods.close(TestLeafProjectMethods.java:28)
at wdMethods.TestLeafProjectMethods.close(TestLeafProjectMethods.java:28)
at wdMethods.TestLeafProjectMethods.close(TestLeafProjectMethods.java:28)
at wdMethods.TestLeafProjectMethods.close(TestLeafProjectMethods.java:28)
at wdMethods.TestLeafProjectMethods.close(TestLeafProjectMethods.java:28)
at wdMethods.TestLeafProjectMethods.close(TestLeafProjectMethods.java:28)
at wdMethods.TestLeafProjectMethods.close(TestLeafProjectMethods.java:28)
at wdMethods.TestLeafProjectMethods.close(TestLeafProjectMethods.java:28)
at wdMethods.TestLeafProjectMethods.close(TestLeafProjectMethods.java:28)
at wdMethods.TestLeafProjectMethods.close(TestLeafProjectMethods.java:28)
at wdMethods.TestLeafProjectMethods.close(TestLeafProjectMethods.java:28)
at wdMethods.TestLeafProjectMethods.close(TestLeafProjectMethods.java:28)
at wdMethods.TestLeafProjectMethods.close(TestLeafProjectMethods.java:28)
at wdMethods.TestLeafProjectMethods.close(TestLeafProjectMethods.java:28)
at wdMethods.TestLeafProjectMethods.close(TestLeafProjectMethods.java:28)
at wdMethods.TestLeafProjectMethods.close(TestLeafProjectMethods.java:28)
at wdMethods.TestLeafProjectMethods.close(TestLeafProjectMethods.java:28)
at wdMethods.TestLeafProjectMethods.close(TestLeafProjectMethods.java:28)
at wdMethods.TestLeafProjectMethods.close(TestLeafProjectMethods.java:28)
at wdMethods.TestLeafProjectMethods.close(TestLeafProjectMethods.java:28)
at wdMethods.TestLeafProjectMethods.close(TestLeafProjectMethods.java:28)
at wdMethods.TestLeafProjectMethods.close(TestLeafProjectMethods.java:28)
at wdMethods.TestLeafProjectMethods.close(TestLeafProjectMethods.java:28)
at wdMethods.TestLeafProjectMethods.close(TestLeafProjectMethods.java:28)
at wdMethods.TestLeafProjectMethods.close(TestLeafProjectMethods.java:28)
at wdMethods.TestLeafProjectMethods.close(TestLeafProjectMethods.java:28)
at wdMethods.TestLeafProjectMethods.close(TestLeafProjectMethods.java:28)
at wdMethods.TestLeafProjectMethods.close(TestLeafProjectMethods.java:28)
at wdMethods.TestLeafProjectMethods.close(TestLeafProjectMethods.java:28)
at wdMethods.TestLeafProjectMethods.close(TestLeafProjectMethods.java:28)
at wdMethods.TestLeafProjectMethods.close(TestLeafProjectMethods.java:28)
at wdMethods.TestLeafProjectMethods.close(TestLeafProjectMethods.java:28)
at wdMethods.TestLeafProjectMethods.close(TestLeafProjectMethods.java:28)
at wdMethods.TestLeafProjectMethods.close(TestLeafProjectMethods.java:28)
at wdMethods.TestLeafProjectMethods.close(TestLeafProjectMethods.java:28)
at wdMethods.TestLeafProjectMethods.close(TestLeafProjectMethods.java:28)
at wdMethods.TestLeafProjectMethods.close(TestLeafProjectMethods.java:28)
at wdMethods.TestLeafProjectMethods.close(TestLeafProjectMethods.java:28)
at wdMethods.TestLeafProjectMethods.close(TestLeafProjectMethods.java:28)
at wdMethods.TestLeafProjectMethods.close(TestLeafProjectMethods.java:28)
at wdMethods.TestLeafProjectMethods.close(TestLeafProjectMethods.java:28)
at wdMethods.TestLeafProjectMethods.close(TestLeafProjectMethods.java:28)
at wdMethods.TestLeafProjectMethods.close(TestLeafProjectMethods.java:28)
at wdMethods.TestLeafProjectMethods.close(TestLeafProjectMethods.java:28)
at wdMethods.TestLeafProjectMethods.close(TestLeafProjectMethods.java:28)
at wdMethods.TestLeafProjectMethods.close(TestLeafProjectMethods.java:28)
at wdMethods.TestLeafProjectMethods.close(TestLeafProjectMethods.java:28)
at wdMethods.TestLeafProjectMethods.close(TestLeafProjectMethods.java:28)
at wdMethods.TestLeafProjectMethods.close(TestLeafProjectMethods.java:28)
at wdMethods.TestLeafProjectMethods.close(TestLeafProjectMethods.java:28)
at wdMethods.TestLeafProjectMethods.close(TestLeafProjectMethods.java:28)
at wdMethods.TestLeafProjectMethods.close(TestLeafProjectMethods.java:28)
at wdMethods.TestLeafProjectMethods.close(TestLeafProjectMethods.java:28)
at wdMethods.TestLeafProjectMethods.close(TestLeafProjectMethods.java:28)
at wdMethods.TestLeafProjectMethods.close(TestLeafProjectMethods.java:28)
at wdMethods.TestLeafProjectMethods.close(TestLeafProjectMethods.java:28)
at wdMethods.TestLeafProjectMethods.close(TestLeafProjectMethods.java:28)
at wdMethods.TestLeafProjectMethods.close(TestLeafProjectMethods.java:28)
at wdMethods.TestLeafProjectMethods.close(TestLeafProjectMethods.java:28)
at wdMethods.TestLeafProjectMethods.close(TestLeafProjectMethods.java:28)
at wdMethods.TestLeafProjectMethods.close(TestLeafProjectMethods.java:28)
at wdMethods.TestLeafProjectMethods.close(TestLeafProjectMethods.java:28)
at wdMethods.TestLeafProjectMethods.close(TestLeafProjectMethods.java:28)
at wdMethods.TestLeafProjectMethods.close(TestLeafProjectMethods.java:28)
at wdMethods.TestLeafProjectMethods.close(TestLeafProjectMethods.java:28)
at wdMethods.TestLeafProjectMethods.close(TestLeafProjectMethods.java:28)
at wdMethods.TestLeafProjectMethods.close(TestLeafProjectMethods.java:28)
at wdMethods.TestLeafProjectMethods.close(TestLeafProjectMethods.java:28)
at wdMethods.TestLeafProjectMethods.close(TestLeafProjectMethods.java:28)
at wdMethods.TestLeafProjectMethods.close(TestLeafProjectMethods.java:28)
at wdMethods.TestLeafProjectMethods.close(TestLeafProjectMethods.java:28)
at wdMethods.TestLeafProjectMethods.close(TestLeafProjectMethods.java:28)
at wdMethods.TestLeafProjectMethods.close(TestLeafProjectMethods.java:28)
at wdMethods.TestLeafProjectMethods.close(TestLeafProjectMethods.java:28)
at wdMethods.TestLeafProjectMethods.close(TestLeafProjectMethods.java:28)
at wdMethods.TestLeafProjectMethods.close(TestLeafProjectMethods.java:28)
at wdMethods.TestLeafProjectMethods.close(TestLeafProjectMethods.java:28)
at wdMethods.TestLeafProjectMethods.close(TestLeafProjectMethods.java:28)
at wdMethods.TestLeafProjectMethods.close(TestLeafProjectMethods.java:28)
at wdMethods.TestLeafProjectMethods.close(TestLeafProjectMethods.java:28)
at wdMethods.TestLeafProjectMethods.close(TestLeafProjectMethods.java:28)
at wdMethods.TestLeafProjectMethods.close(TestLeafProjectMethods.java:28)
at wdMethods.TestLeafProjectMethods.close(TestLeafProjectMethods.java:28)
at wdMethods.TestLeafProjectMethods.close(TestLeafProjectMethods.java:28)
at wdMethods.TestLeafProjectMethods.close(TestLeafProjectMethods.java:28)
at wdMethods.TestLeafProjectMethods.close(TestLeafProjectMethods.java:28)
at wdMethods.TestLeafProjectMethods.close(TestLeafProjectMethods.java:28)
at wdMethods.TestLeafProjectMethods.close(TestLeafProjectMethods.java:28)
at wdMethods.TestLeafProjectMethods.close(TestLeafProjectMethods.java:28)
at wdMethods.TestLeafProjectMethods.close(TestLeafProjectMethods.java:28)
at wdMethods.TestLeafProjectMethods.close(TestLeafProjectMethods.java:28)
at wdMethods.TestLeafProjectMethods.close(TestLeafProjectMethods.java:28)
at wdMethods.TestLeafProjectMethods.close(TestLeafProjectMethods.java:28)
at wdMethods.TestLeafProjectMethods.close(TestLeafProjectMethods.java:28)
at wdMethods.TestLeafProjectMethods.close(TestLeafProjectMethods.java:28)
at wdMethods.TestLeafProjectMethods.close(TestLeafProjectMethods.java:28)
at wdMethods.TestLeafProjectMethods.close(TestLeafProjectMethods.java:28)
at wdMethods.TestLeafProjectMethods.close(TestLeafProjectMethods.java:28)
at wdMethods.TestLeafProjectMethods.close(TestLeafProjectMethods.java:28)
at wdMethods.TestLeafProjectMethods.close(TestLeafProjectMethods.java:28)
at wdMethods.TestLeafProjectMethods.close(TestLeafProjectMethods.java:28)
at wdMethods.TestLeafProjectMethods.close(TestLeafProjectMethods.java:28)
at wdMethods.TestLeafProjectMethods.close(TestLeafProjectMethods.java:28)
at wdMethods.TestLeafProjectMethods.close(TestLeafProjectMethods.java:28)
at wdMethods.TestLeafProjectMethods.close(TestLeafProjectMethods.java:28)
at wdMethods.TestLeafProjectMethods.close(TestLeafProjectMethods.java:28)
at wdMethods.TestLeafProjectMethods.close(TestLeafProjectMethods.java:28)
at wdMethods.TestLeafProjectMethods.close(TestLeafProjectMethods.java:28)
at wdMethods.TestLeafProjectMethods.close(TestLeafProjectMethods.java:28)
at wdMethods.TestLeafProjectMethods.close(TestLeafProjectMethods.java:28)
at wdMethods.TestLeafProjectMethods.close(TestLeafProjectMethods.java:28)
at wdMethods.TestLeafProjectMethods.close(TestLeafProjectMethods.java:28)
at wdMethods.TestLeafProjectMethods.close(TestLeafProjectMethods.java:28)
at wdMethods.TestLeafProjectMethods.close(TestLeafProjectMethods.java:28)
at wdMethods.TestLeafProjectMethods.close(TestLeafProjectMethods.java:28)
at wdMethods.TestLeafProjectMethods.close(TestLeafProjectMethods.java:28)
at wdMethods.TestLeafProjectMethods.close(TestLeafProjectMethods.java:28)
at wdMethods.TestLeafProjectMethods.close(TestLeafProjectMethods.java:28)
at wdMethods.TestLeafProjectMethods.close(TestLeafProjectMethods.java:28)
at wdMethods.TestLeafProjectMethods.close(TestLeafProjectMethods.java:28)
at wdMethods.TestLeafProjectMethods.close(TestLeafProjectMethods.java:28)
at wdMethods.TestLeafProjectMethods.close(TestLeafProjectMethods.java:28)
at wdMethods.TestLeafProjectMethods.close(TestLeafProjectMethods.java:28)
at wdMethods.TestLeafProjectMethods.close(TestLeafProjectMethods.java:28)
at wdMethods.TestLeafProjectMethods.close(TestLeafProjectMethods.java:28)
at wdMethods.TestLeafProjectMethods.close(TestLeafProjectMethods.java:28)
at wdMethods.TestLeafProjectMethods.close(TestLeafProjectMethods.java:28)
at wdMethods.TestLeafProjectMethods.close(TestLeafProjectMethods.java:28)
at wdMethods.TestLeafProjectMethods.close(TestLeafProjectMethods.java:28)
at wdMethods.TestLeafProjectMethods.close(TestLeafProjectMethods.java:28)
at wdMethods.TestLeafProjectMethods.close(TestLeafProjectMethods.java:28)
at wdMethods.TestLeafProjectMethods.close(TestLeafProjectMethods.java:28)
at wdMethods.TestLeafProjectMethods.close(TestLeafProjectMethods.java:28)
at wdMethods.TestLeafProjectMethods.close(TestLeafProjectMethods.java:28)
at wdMethods.TestLeafProjectMethods.close(TestLeafProjectMethods.java:28)
at wdMethods.TestLeafProjectMethods.close(TestLeafProjectMethods.java:28)
at wdMethods.TestLeafProjectMethods.close(TestLeafProjectMethods.java:28)
at wdMethods.TestLeafProjectMethods.close(TestLeafProjectMethods.java:28)
at wdMethods.TestLeafProjectMethods.close(TestLeafProjectMethods.java:28)
at wdMethods.TestLeafProjectMethods.close(TestLeafProjectMethods.java:28)
at wdMethods.TestLeafProjectMethods.close(TestLeafProjectMethods.java:28)
at wdMethods.TestLeafProjectMethods.close(TestLeafProjectMethods.java:28)
at wdMethods.TestLeafProjectMethods.close(TestLeafProjectMethods.java:28)
at wdMethods.TestLeafProjectMethods.close(TestLeafProjectMethods.java:28)
at wdMethods.TestLeafProjectMethods.close(TestLeafProjectMethods.java:28)
at wdMethods.TestLeafProjectMethods.close(TestLeafProjectMethods.java:28)
at wdMethods.TestLeafProjectMethods.close(TestLeafProjectMethods.java:28)
at wdMethods.TestLeafProjectMethods.close(TestLeafProjectMethods.java:28)
at wdMethods.TestLeafProjectMethods.close(TestLeafProjectMethods.java:28)
at wdMethods.TestLeafProjectMethods.close(TestLeafProjectMethods.java:28)
at wdMethods.TestLeafProjectMethods.close(TestLeafProjectMethods.java:28)
at wdMethods.TestLeafProjectMethods.close(TestLeafProjectMethods.java:28)
at wdMethods.TestLeafProjectMethods.close(TestLeafProjectMethods.java:28)
at wdMethods.TestLeafProjectMethods.close(TestLeafProjectMethods.java:28)
at wdMethods.TestLeafProjectMethods.close(TestLeafProjectMethods.java:28)
at wdMethods.TestLeafProjectMethods.close(TestLeafProjectMethods.java:28)
at wdMethods.TestLeafProjectMethods.close(TestLeafProjectMethods.java:28)
at wdMethods.TestLeafProjectMethods.close(TestLeafProjectMethods.java:28)
at wdMethods.TestLeafProjectMethods.close(TestLeafProjectMethods.java:28)
at wdMethods.TestLeafProjectMethods.close(TestLeafProjectMethods.java:28)
at wdMethods.TestLeafProjectMethods.close(TestLeafProjectMethods.java:28)
at wdMethods.TestLeafProjectMethods.close(TestLeafProjectMethods.java:28)
at wdMethods.TestLeafProjectMethods.close(TestLeafProjectMethods.java:28)
at wdMethods.TestLeafProjectMethods.close(TestLeafProjectMethods.java:28)
at wdMethods.TestLeafProjectMethods.close(TestLeafProjectMethods.java:28)
at wdMethods.TestLeafProjectMethods.close(TestLeafProjectMethods.java:28)
at wdMethods.TestLeafProjectMethods.close(TestLeafProjectMethods.java:28)
at wdMethods.TestLeafProjectMethods.close(TestLeafProjectMethods.java:28)
at wdMethods.TestLeafProjectMethods.close(TestLeafProjectMethods.java:28)
at wdMethods.TestLeafProjectMethods.close(TestLeafProjectMethods.java:28)
at wdMethods.TestLeafProjectMethods.close(TestLeafProjectMethods.java:28)
at wdMethods.TestLeafProjectMethods.close(TestLeafProjectMethods.java:28)
at wdMethods.TestLeafProjectMethods.close(TestLeafProjectMethods.java:28)
at wdMethods.TestLeafProjectMethods.close(TestLeafProjectMethods.java:28)
at wdMethods.TestLeafProjectMethods.close(TestLeafProjectMethods.java:28)
at wdMethods.TestLeafProjectMethods.close(TestLeafProjectMethods.java:28)
at wdMethods.TestLeafProjectMethods.close(TestLeafProjectMethods.java:28)
at wdMethods.TestLeafProjectMethods.close(TestLeafProjectMethods.java:28)
at wdMethods.TestLeafProjectMethods.close(TestLeafProjectMethods.java:28)
at wdMethods.TestLeafProjectMethods.close(TestLeafProjectMethods.java:28)
at wdMethods.TestLeafProjectMethods.close(TestLeafProjectMethods.java:28)
at wdMethods.TestLeafProjectMethods.close(TestLeafProjectMethods.java:28)
at wdMethods.TestLeafProjectMethods.close(TestLeafProjectMethods.java:28)
at wdMethods.TestLeafProjectMethods.close(TestLeafProjectMethods.java:28)
at wdMethods.TestLeafProjectMethods.close(TestLeafProjectMethods.java:28)
at wdMethods.TestLeafProjectMethods.close(TestLeafProjectMethods.java:28)
at wdMethods.TestLeafProjectMethods.close(TestLeafProjectMethods.java:28)
at wdMethods.TestLeafProjectMethods.close(TestLeafProjectMethods.java:28)
at wdMethods.TestLeafProjectMethods.close(TestLeafProjectMethods.java:28)
at wdMethods.TestLeafProjectMethods.close(TestLeafProjectMethods.java:28)
at wdMethods.TestLeafProjectMethods.close(TestLeafProjectMethods.java:28)
at wdMethods.TestLeafProjectMethods.close(TestLeafProjectMethods.java:28)
at wdMethods.TestLeafProjectMethods.close(TestLeafProjectMethods.java:28)
at wdMethods.TestLeafProjectMethods.close(TestLeafProjectMethods.java:28)
at wdMethods.TestLeafProjectMethods.close(TestLeafProjectMethods.java:28)
at wdMethods.TestLeafProjectMethods.close(TestLeafProjectMethods.java:28)
at wdMethods.TestLeafProjectMethods.close(TestLeafProjectMethods.java:28)
at wdMethods.TestLeafProjectMethods.close(TestLeafProjectMethods.java:28)
at wdMethods.TestLeafProjectMethods.close(TestLeafProjectMethods.java:28)
at wdMethods.TestLeafProjectMethods.close(TestLeafProjectMethods.java:28)
at wdMethods.TestLeafProjectMethods.close(TestLeafProjectMethods.java:28)
at wdMethods.TestLeafProjectMethods.close(TestLeafProjectMethods.java:28)
at wdMethods.TestLeafProjectMethods.close(TestLeafProjectMethods.java:28)
at wdMethods.TestLeafProjectMethods.close(TestLeafProjectMethods.java:28)
at wdMethods.TestLeafProjectMethods.close(TestLeafProjectMethods.java:28)
at wdMethods.TestLeafProjectMethods.close(TestLeafProjectMethods.java:28)
at wdMethods.TestLeafProjectMethods.close(TestLeafProjectMethods.java:28)
at wdMethods.TestLeafProjectMethods.close(TestLeafProjectMethods.java:28)
at wdMethods.TestLeafProjectMethods.close(TestLeafProjectMethods.java:28)
at wdMethods.TestLeafProjectMethods.close(TestLeafProjectMethods.java:28)
at wdMethods.TestLeafProjectMethods.close(TestLeafProjectMethods.java:28)
at wdMethods.TestLeafProjectMethods.close(TestLeafProjectMethods.java:28)
at wdMethods.TestLeafProjectMethods.close(TestLeafProjectMethods.java:28)
at wdMethods.TestLeafProjectMethods.close(TestLeafProjectMethods.java:28)
at wdMethods.TestLeafProjectMethods.close(TestLeafProjectMethods.java:28)
at wdMethods.TestLeafProjectMethods.close(TestLeafProjectMethods.java:28)
at wdMethods.TestLeafProjectMethods.close(TestLeafProjectMethods.java:28)
at wdMethods.TestLeafProjectMethods.close(TestLeafProjectMethods.java:28)
at wdMethods.TestLeafProjectMethods.close(TestLeafProjectMethods.java:28)
at wdMethods.TestLeafProjectMethods.close(TestLeafProjectMethods.java:28)
at wdMethods.TestLeafProjectMethods.close(TestLeafProjectMethods.java:28)
at wdMethods.TestLeafProjectMethods.close(TestLeafProjectMethods.java:28)
at wdMethods.TestLeafProjectMethods.close(TestLeafProjectMethods.java:28)
at wdMethods.TestLeafProjectMethods.close(TestLeafProjectMethods.java:28)
at wdMethods.TestLeafProjectMethods.close(TestLeafProjectMethods.java:28)
at wdMethods.TestLeafProjectMethods.close(TestLeafProjectMethods.java:28)
at wdMethods.TestLeafProjectMethods.close(TestLeafProjectMethods.java:28)
at wdMethods.TestLeafProjectMethods.close(TestLeafProjectMethods.java:28)
at wdMethods.TestLeafProjectMethods.close(TestLeafProjectMethods.java:28)
at wdMethods.TestLeafProjectMethods.close(TestLeafProjectMethods.java:28)
at wdMethods.TestLeafProjectMethods.close(TestLeafProjectMethods.java:28)
at wdMethods.TestLeafProjectMethods.close(TestLeafProjectMethods.java:28)
at wdMethods.TestLeafProjectMethods.close(TestLeafProjectMethods.java:28)
at wdMethods.TestLeafProjectMethods.close(TestLeafProjectMethods.java:28)
at wdMethods.TestLeafProjectMethods.close(TestLeafProjectMethods.java:28)
at wdMethods.TestLeafProjectMethods.close(TestLeafProjectMethods.java:28)
at wdMethods.TestLeafProjectMethods.close(TestLeafProjectMethods.java:28)
at wdMethods.TestLeafProjectMethods.close(TestLeafProjectMethods.java:28)
at wdMethods.TestLeafProjectMethods.close(TestLeafProjectMethods.java:28)
at wdMethods.TestLeafProjectMethods.close(TestLeafProjectMethods.java:28)
at wdMethods.TestLeafProjectMethods.close(TestLeafProjectMethods.java:28)
at wdMethods.TestLeafProjectMethods.close(TestLeafProjectMethods.java:28)
at wdMethods.TestLeafProjectMethods.close(TestLeafProjectMethods.java:28)
at wdMethods.TestLeafProjectMethods.close(TestLeafProjectMethods.java:28)
at wdMethods.TestLeafProjectMethods.close(TestLeafProjectMethods.java:28)
at wdMethods.TestLeafProjectMethods.close(TestLeafProjectMethods.java:28)
at wdMethods.TestLeafProjectMethods.close(TestLeafProjectMethods.java:28)
at wdMethods.TestLeafProjectMethods.close(TestLeafProjectMethods.java:28)
at wdMethods.TestLeafProjectMethods.close(TestLeafProjectMethods.java:28)
at wdMethods.TestLeafProjectMethods.close(TestLeafProjectMethods.java:28)
at wdMethods.TestLeafProjectMethods.close(TestLeafProjectMethods.java:28)
at wdMethods.TestLeafProjectMethods.close(TestLeafProjectMethods.java:28)
at wdMethods.TestLeafProjectMethods.close(TestLeafProjectMethods.java:28)
at wdMethods.TestLeafProjectMethods.close(TestLeafProjectMethods.java:28)
at wdMethods.TestLeafProjectMethods.close(TestLeafProjectMethods.java:28)
at wdMethods.TestLeafProjectMethods.close(TestLeafProjectMethods.java:28)
at wdMethods.TestLeafProjectMethods.close(TestLeafProjectMethods.java:28)
at wdMethods.TestLeafProjectMethods.close(TestLeafProjectMethods.java:28)
at wdMethods.TestLeafProjectMethods.close(TestLeafProjectMethods.java:28)
at wdMethods.TestLeafProjectMethods.close(TestLeafProjectMethods.java:28)
at wdMethods.TestLeafProjectMethods.close(TestLeafProjectMethods.java:28)
at wdMethods.TestLeafProjectMethods.close(TestLeafProjectMethods.java:28)
at wdMethods.TestLeafProjectMethods.close(TestLeafProjectMethods.java:28)
at wdMethods.TestLeafProjectMethods.close(TestLeafProjectMethods.java:28)
at wdMethods.TestLeafProjectMethods.close(TestLeafProjectMethods.java:28)
at wdMethods.TestLeafProjectMethods.close(TestLeafProjectMethods.java:28)
at wdMethods.TestLeafProjectMethods.close(TestLeafProjectMethods.java:28)
at wdMethods.TestLeafProjectMethods.close(TestLeafProjectMethods.java:28)
at wdMethods.TestLeafProjectMethods.close(TestLeafProjectMethods.java:28)
at wdMethods.TestLeafProjectMethods.close(TestLeafProjectMethods.java:28)
at wdMethods.TestLeafProjectMethods.close(TestLeafProjectMethods.java:28)
at wdMethods.TestLeafProjectMethods.close(TestLeafProjectMethods.java:28)
at wdMethods.TestLeafProjectMethods.close(TestLeafProjectMethods.java:28)
at wdMethods.TestLeafProjectMethods.close(TestLeafProjectMethods.java:28)
at wdMethods.TestLeafProjectMethods.close(TestLeafProjectMethods.java:28)
at wdMethods.TestLeafProjectMethods.close(TestLeafProjectMethods.java:28)
at wdMethods.TestLeafProjectMethods.close(TestLeafProjectMethods.java:28)
at wdMethods.TestLeafProjectMethods.close(TestLeafProjectMethods.java:28)
at wdMethods.TestLeafProjectMethods.close(TestLeafProjectMethods.java:28)
at wdMethods.TestLeafProjectMethods.close(TestLeafProjectMethods.java:28)
at wdMethods.TestLeafProjectMethods.close(TestLeafProjectMethods.java:28)
at wdMethods.TestLeafProjectMethods.close(TestLeafProjectMethods.java:28)
at wdMethods.TestLeafProjectMethods.close(TestLeafProjectMethods.java:28)
at wdMethods.TestLeafProjectMethods.close(TestLeafProjectMethods.java:28)
at wdMethods.TestLeafProjectMethods.close(TestLeafProjectMethods.java:28)
at wdMethods.TestLeafProjectMethods.close(TestLeafProjectMethods.java:28)
at wdMethods.TestLeafProjectMethods.close(TestLeafProjectMethods.java:28)
at wdMethods.TestLeafProjectMethods.close(TestLeafProjectMethods.java:28)
at wdMethods.TestLeafProjectMethods.close(TestLeafProjectMethods.java:28)
at wdMethods.TestLeafProjectMethods.close(TestLeafProjectMethods.java:28)
at wdMethods.TestLeafProjectMethods.close(TestLeafProjectMethods.java:28)
at wdMethods.TestLeafProjectMethods.close(TestLeafProjectMethods.java:28)
at wdMethods.TestLeafProjectMethods.close(TestLeafProjectMethods.java:28)
at wdMethods.TestLeafProjectMethods.close(TestLeafProjectMethods.java:28)
at wdMethods.TestLeafProjectMethods.close(TestLeafProjectMethods.java:28)
at wdMethods.TestLeafProjectMethods.close(TestLeafProjectMethods.java:28)
at wdMethods.TestLeafProjectMethods.close(TestLeafProjectMethods.java:28)
at wdMethods.TestLeafProjectMethods.close(TestLeafProjectMethods.java:28)
at wdMethods.TestLeafProjectMethods.close(TestLeafProjectMethods.java:28)
at wdMethods.TestLeafProjectMethods.close(TestLeafProjectMethods.java:28)
at wdMethods.TestLeafProjectMethods.close(TestLeafProjectMethods.java:28)
at wdMethods.TestLeafProjectMethods.close(TestLeafProjectMethods.java:28)
at wdMethods.TestLeafProjectMethods.close(TestLeafProjectMethods.java:28)
at wdMethods.TestLeafProjectMethods.close(TestLeafProjectMethods.java:28)
at wdMethods.TestLeafProjectMethods.close(TestLeafProjectMethods.java:28)
at wdMethods.TestLeafProjectMethods.close(TestLeafProjectMethods.java:28)
at wdMethods.TestLeafProjectMethods.close(TestLeafProjectMethods.java:28)
at wdMethods.TestLeafProjectMethods.close(TestLeafProjectMethods.java:28)
at wdMethods.TestLeafProjectMethods.close(TestLeafProjectMethods.java:28)
at wdMethods.TestLeafProjectMethods.close(TestLeafProjectMethods.java:28)
at wdMethods.TestLeafProjectMethods.close(TestLeafProjectMethods.java:28)
at wdMethods.TestLeafProjectMethods.close(TestLeafProjectMethods.java:28)
at wdMethods.TestLeafProjectMethods.close(TestLeafProjectMethods.java:28)
at wdMethods.TestLeafProjectMethods.close(TestLeafProjectMethods.java:28)
at wdMethods.TestLeafProjectMethods.close(TestLeafProjectMethods.java:28)
at wdMethods.TestLeafProjectMethods.close(TestLeafProjectMethods.java:28)
at wdMethods.TestLeafProjectMethods.close(TestLeafProjectMethods.java:28)
at wdMethods.TestLeafProjectMethods.close(TestLeafProjectMethods.java:28)
at wdMethods.TestLeafProjectMethods.close(TestLeafProjectMethods.java:28)
at wdMethods.TestLeafProjectMethods.close(TestLeafProjectMethods.java:28)
at wdMethods.TestLeafProjectMethods.close(TestLeafProjectMethods.java:28)
at wdMethods.TestLeafProjectMethods.close(TestLeafProjectMethods.java:28)
at wdMethods.TestLeafProjectMethods.close(TestLeafProjectMethods.java:28)
at wdMethods.TestLeafProjectMethods.close(TestLeafProjectMethods.java:28)
at wdMethods.TestLeafProjectMethods.close(TestLeafProjectMethods.java:28)
at wdMethods.TestLeafProjectMethods.close(TestLeafProjectMethods.java:28)
at wdMethods.TestLeafProjectMethods.close(TestLeafProjectMethods.java:28)
at wdMethods.TestLeafProjectMethods.close(TestLeafProjectMethods.java:28)
at wdMethods.TestLeafProjectMethods.close(TestLeafProjectMethods.java:28)
at wdMethods.TestLeafProjectMethods.close(TestLeafProjectMethods.java:28)
at wdMethods.TestLeafProjectMethods.close(TestLeafProjectMethods.java:28)
at wdMethods.TestLeafProjectMethods.close(TestLeafProjectMethods.java:28)
at wdMethods.TestLeafProjectMethods.close(TestLeafProjectMethods.java:28)
at wdMethods.TestLeafProjectMethods.close(TestLeafProjectMethods.java:28)
at wdMethods.TestLeafProjectMethods.close(TestLeafProjectMethods.java:28)
at wdMethods.TestLeafProjectMethods.close(TestLeafProjectMethods.java:28)
at wdMethods.TestLeafProjectMethods.close(TestLeafProjectMethods.java:28)
at wdMethods.TestLeafProjectMethods.close(TestLeafProjectMethods.java:28)
at wdMethods.TestLeafProjectMethods.close(TestLeafProjectMethods.java:28)
at wdMethods.TestLeafProjectMethods.close(TestLeafProjectMethods.java:28)
at wdMethods.TestLeafProjectMethods.close(TestLeafProjectMethods.java:28)
at wdMethods.TestLeafProjectMethods.close(TestLeafProjectMethods.java:28)
at wdMethods.TestLeafProjectMethods.close(TestLeafProjectMethods.java:28)
at wdMethods.TestLeafProjectMethods.close(TestLeafProjectMethods.java:28)
at wdMethods.TestLeafProjectMethods.close(TestLeafProjectMethods.java:28)
at wdMethods.TestLeafProjectMethods.close(TestLeafProjectMethods.java:28)
at wdMethods.TestLeafProjectMethods.close(TestLeafProjectMethods.java:28)
at wdMethods.TestLeafProjectMethods.close(TestLeafProjectMethods.java:28)
at wdMethods.TestLeafProjectMethods.close(TestLeafProjectMethods.java:28)
at wdMethods.TestLeafProjectMethods.close(TestLeafProjectMethods.java:28)
at wdMethods.TestLeafProjectMethods.close(TestLeafProjectMethods.java:28)
at wdMethods.TestLeafProjectMethods.close(TestLeafProjectMethods.java:28)
at wdMethods.TestLeafProjectMethods.close(TestLeafProjectMethods.java:28)
at wdMethods.TestLeafProjectMethods.close(TestLeafProjectMethods.java:28)
at wdMethods.TestLeafProjectMethods.close(TestLeafProjectMethods.java:28)
at wdMethods.TestLeafProjectMethods.close(TestLeafProjectMethods.java:28)
at wdMethods.TestLeafProjectMethods.close(TestLeafProjectMethods.java:28)
at wdMethods.TestLeafProjectMethods.close(TestLeafProjectMethods.java:28)
at wdMethods.TestLeafProjectMethods.close(TestLeafProjectMethods.java:28)
at wdMethods.TestLeafProjectMethods.close(TestLeafProjectMethods.java:28)
at wdMethods.TestLeafProjectMethods.close(TestLeafProjectMethods.java:28)
at wdMethods.TestLeafProjectMethods.close(TestLeafProjectMethods.java:28)
at wdMethods.TestLeafProjectMethods.close(TestLeafProjectMethods.java:28)
at wdMethods.TestLeafProjectMethods.close(TestLeafProjectMethods.java:28)
at wdMethods.TestLeafProjectMethods.close(TestLeafProjectMethods.java:28)
at wdMethods.TestLeafProjectMethods.close(TestLeafProjectMethods.java:28)
at wdMethods.TestLeafProjectMethods.close(TestLeafProjectMethods.java:28)
at wdMethods.TestLeafProjectMethods.close(TestLeafProjectMethods.java:28)
at wdMethods.TestLeafProjectMethods.close(TestLeafProjectMethods.java:28)
at wdMethods.TestLeafProjectMethods.close(TestLeafProjectMethods.java:28)
at wdMethods.TestLeafProjectMethods.close(TestLeafProjectMethods.java:28)
at wdMethods.TestLeafProjectMethods.close(TestLeafProjectMethods.java:28)
at wdMethods.TestLeafProjectMethods.close(TestLeafProjectMethods.java:28)
at wdMethods.TestLeafProjectMethods.close(TestLeafProjectMethods.java:28)
at wdMethods.TestLeafProjectMethods.close(TestLeafProjectMethods.java:28)
at wdMethods.TestLeafProjectMethods.close(TestLeafProjectMethods.java:28)
at wdMethods.TestLeafProjectMethods.close(TestLeafProjectMethods.java:28)
at wdMethods.TestLeafProjectMethods.close(TestLeafProjectMethods.java:28)
at wdMethods.TestLeafProjectMethods.close(TestLeafProjectMethods.java:28)
at wdMethods.TestLeafProjectMethods.close(TestLeafProjectMethods.java:28)
at wdMethods.TestLeafProjectMethods.close(TestLeafProjectMethods.java:28)
at wdMethods.TestLeafProjectMethods.close(TestLeafProjectMethods.java:28)
at wdMethods.TestLeafProjectMethods.close(TestLeafProjectMethods.java:28)
at wdMethods.TestLeafProjectMethods.close(TestLeafProjectMethods.java:28)
at wdMethods.TestLeafProjectMethods.close(TestLeafProjectMethods.java:28)
at wdMethods.TestLeafProjectMethods.close(TestLeafProjectMethods.java:28)
at wdMethods.TestLeafProjectMethods.close(TestLeafProjectMethods.java:28)
at wdMethods.TestLeafProjectMethods.close(TestLeafProjectMethods.java:28)
at wdMethods.TestLeafProjectMethods.close(TestLeafProjectMethods.java:28)
at wdMethods.TestLeafProjectMethods.close(TestLeafProjectMethods.java:28)
at wdMethods.TestLeafProjectMethods.close(TestLeafProjectMethods.java:28)
at wdMethods.TestLeafProjectMethods.close(TestLeafProjectMethods.java:28)
at wdMethods.TestLeafProjectMethods.close(TestLeafProjectMethods.java:28)
at wdMethods.TestLeafProjectMethods.close(TestLeafProjectMethods.java:28)
at wdMethods.TestLeafProjectMethods.close(TestLeafProjectMethods.java:28)
at wdMethods.TestLeafProjectMethods.close(TestLeafProjectMethods.java:28)
at wdMethods.TestLeafProjectMethods.close(TestLeafProjectMethods.java:28)
at wdMethods.TestLeafProjectMethods.close(TestLeafProjectMethods.java:28)
at wdMethods.TestLeafProjectMethods.close(TestLeafProjectMethods.java:28)
at wdMethods.TestLeafProjectMethods.close(TestLeafProjectMethods.java:28)
at wdMethods.TestLeafProjectMethods.close(TestLeafProjectMethods.java:28)
at wdMethods.TestLeafProjectMethods.close(TestLeafProjectMethods.java:28)
at wdMethods.TestLeafProjectMethods.close(TestLeafProjectMethods.java:28)
at wdMethods.TestLeafProjectMethods.close(TestLeafProjectMethods.java:28)
at wdMethods.TestLeafProjectMethods.close(TestLeafProjectMethods.java:28)
at wdMethods.TestLeafProjectMethods.close(TestLeafProjectMethods.java:28)
at wdMethods.TestLeafProjectMethods.close(TestLeafProjectMethods.java:28)
at wdMethods.TestLeafProjectMethods.close(TestLeafProjectMethods.java:28)
at wdMethods.TestLeafProjectMethods.close(TestLeafProjectMethods.java:28)
at wdMethods.TestLeafProjectMethods.close(TestLeafProjectMethods.java:28)
at wdMethods.TestLeafProjectMethods.close(TestLeafProjectMethods.java:28)
at wdMethods.TestLeafProjectMethods.close(TestLeafProjectMethods.java:28)
at wdMethods.TestLeafProjectMethods.close(TestLeafProjectMethods.java:28)
at wdMethods.TestLeafProjectMethods.close(TestLeafProjectMethods.java:28)
at wdMethods.TestLeafProjectMethods.close(TestLeafProjectMethods.java:28)
at wdMethods.TestLeafProjectMethods.close(TestLeafProjectMethods.java:28)
at wdMethods.TestLeafProjectMethods.close(TestLeafProjectMethods.java:28)
at wdMethods.TestLeafProjectMethods.close(TestLeafProjectMethods.java:28)
at wdMethods.TestLeafProjectMethods.close(TestLeafProjectMethods.java:28)
at wdMethods.TestLeafProjectMethods.close(TestLeafProjectMethods.java:28)
at wdMethods.TestLeafProjectMethods.close(TestLeafProjectMethods.java:28)
at wdMethods.TestLeafProjectMethods.close(TestLeafProjectMethods.java:28)
at wdMethods.TestLeafProjectMethods.close(TestLeafProjectMethods.java:28)
at wdMethods.TestLeafProjectMethods.close(TestLeafProjectMethods.java:28)
at wdMethods.TestLeafProjectMethods.close(TestLeafProjectMethods.java:28)
at wdMethods.TestLeafProjectMethods.close(TestLeafProjectMethods.java:28)
at wdMethods.TestLeafProjectMethods.close(TestLeafProjectMethods.java:28)
at wdMethods.TestLeafProjectMethods.close(TestLeafProjectMethods.java:28)
at wdMethods.TestLeafProjectMethods.close(TestLeafProjectMethods.java:28)
at wdMethods.TestLeafProjectMethods.close(TestLeafProjectMethods.java:28)
at wdMethods.TestLeafProjectMethods.close(TestLeafProjectMethods.java:28)
at wdMethods.TestLeafProjectMethods.close(TestLeafProjectMethods.java:28)
at wdMethods.TestLeafProjectMethods.close(TestLeafProjectMethods.java:28)
at wdMethods.TestLeafProjectMethods.close(TestLeafProjectMethods.java:28)
at wdMethods.TestLeafProjectMethods.close(TestLeafProjectMethods.java:28)
at wdMethods.TestLeafProjectMethods.close(TestLeafProjectMethods.java:28)
at wdMethods.TestLeafProjectMethods.close(TestLeafProjectMethods.java:28)
at wdMethods.TestLeafProjectMethods.close(TestLeafProjectMethods.java:28)
at wdMethods.TestLeafProjectMethods.close(TestLeafProjectMethods.java:28)
at wdMethods.TestLeafProjectMethods.close(TestLeafProjectMethods.java:28)
at wdMethods.TestLeafProjectMethods.close(TestLeafProjectMethods.java:28)
at wdMethods.TestLeafProjectMethods.close(TestLeafProjectMethods.java:28)
at wdMethods.TestLeafProjectMethods.close(TestLeafProjectMethods.java:28)
at wdMethods.TestLeafProjectMethods.close(TestLeafProjectMethods.java:28)
at wdMethods.TestLeafProjectMethods.close(TestLeafProjectMethods.java:28)
at wdMethods.TestLeafProjectMethods.close(TestLeafProjectMethods.java:28)
at wdMethods.TestLeafProjectMethods.close(TestLeafProjectMethods.java:28)
at wdMethods.TestLeafProjectMethods.close(TestLeafProjectMethods.java:28)
at wdMethods.TestLeafProjectMethods.close(TestLeafProjectMethods.java:28)
at wdMethods.TestLeafProjectMethods.close(TestLeafProjectMethods.java:28)
at wdMethods.TestLeafProjectMethods.close(TestLeafProjectMethods.java:28)
at wdMethods.TestLeafProjectMethods.close(TestLeafProjectMethods.java:28)
at wdMethods.TestLeafProjectMethods.close(TestLeafProjectMethods.java:28)
at wdMethods.TestLeafProjectMethods.close(TestLeafProjectMethods.java:28)
at wdMethods.TestLeafProjectMethods.close(TestLeafProjectMethods.java:28)
at wdMethods.TestLeafProjectMethods.close(TestLeafProjectMethods.java:28)
at wdMethods.TestLeafProjectMethods.close(TestLeafProjectMethods.java:28)
at wdMethods.TestLeafProjectMethods.close(TestLeafProjectMethods.java:28)
at wdMethods.TestLeafProjectMethods.close(TestLeafProjectMethods.java:28)
at wdMethods.TestLeafProjectMethods.close(TestLeafProjectMethods.java:28)
at wdMethods.TestLeafProjectMethods.close(TestLeafProjectMethods.java:28)
at wdMethods.TestLeafProjectMethods.close(TestLeafProjectMethods.java:28)
at wdMethods.TestLeafProjectMethods.close(TestLeafProjectMethods.java:28)
at wdMethods.TestLeafProjectMethods.close(TestLeafProjectMethods.java:28)
at wdMethods.TestLeafProjectMethods.close(TestLeafProjectMethods.java:28)
at wdMethods.TestLeafProjectMethods.close(TestLeafProjectMethods.java:28)
at wdMethods.TestLeafProjectMethods.close(TestLeafProjectMethods.java:28)
at wdMethods.TestLeafProjectMethods.close(TestLeafProjectMethods.java:28)
at wdMethods.TestLeafProjectMethods.close(TestLeafProjectMethods.java:28)
at wdMethods.TestLeafProjectMethods.close(TestLeafProjectMethods.java:28)
at wdMethods.TestLeafProjectMethods.close(TestLeafProjectMethods.java:28)
at wdMethods.TestLeafProjectMethods.close(TestLeafProjectMethods.java:28)
at wdMethods.TestLeafProjectMethods.close(TestLeafProjectMethods.java:28)
at wdMethods.TestLeafProjectMethods.close(TestLeafProjectMethods.java:28)
at wdMethods.TestLeafProjectMethods.close(TestLeafProjectMethods.java:28)
at wdMethods.TestLeafProjectMethods.close(TestLeafProjectMethods.java:28)
at wdMethods.TestLeafProjectMethods.close(TestLeafProjectMethods.java:28)
at wdMethods.TestLeafProjectMethods.close(TestLeafProjectMethods.java:28)
at wdMethods.TestLeafProjectMethods.close(TestLeafProjectMethods.java:28)
at wdMethods.TestLeafProjectMethods.close(TestLeafProjectMethods.java:28)
at wdMethods.TestLeafProjectMethods.close(TestLeafProjectMethods.java:28)
at wdMethods.TestLeafProjectMethods.close(TestLeafProjectMethods.java:28)
at wdMethods.TestLeafProjectMethods.close(TestLeafProjectMethods.java:28)
at wdMethods.TestLeafProjectMethods.close(TestLeafProjectMethods.java:28)
at wdMethods.TestLeafProjectMethods.close(TestLeafProjectMethods.java:28)
at wdMethods.TestLeafProjectMethods.close(TestLeafProjectMethods.java:28)
at wdMethods.TestLeafProjectMethods.close(TestLeafProjectMethods.java:28)
at wdMethods.TestLeafProjectMethods.close(TestLeafProjectMethods.java:28)
at wdMethods.TestLeafProjectMethods.close(TestLeafProjectMethods.java:28)
at wdMethods.TestLeafProjectMethods.close(TestLeafProjectMethods.java:28)
at wdMethods.TestLeafProjectMethods.close(TestLeafProjectMethods.java:28)
at wdMethods.TestLeafProjectMethods.close(TestLeafProjectMethods.java:28)
at wdMethods.TestLeafProjectMethods.close(TestLeafProjectMethods.java:28)
at wdMethods.TestLeafProjectMethods.close(TestLeafProjectMethods.java:28)
at wdMethods.TestLeafProjectMethods.close(TestLeafProjectMethods.java:28)
at wdMethods.TestLeafProjectMethods.close(TestLeafProjectMethods.java:28)
at wdMethods.TestLeafProjectMethods.close(TestLeafProjectMethods.java:28)
at wdMethods.TestLeafProjectMethods.close(TestLeafProjectMethods.java:28)
at wdMethods.TestLeafProjectMethods.close(TestLeafProjectMethods.java:28)
at wdMethods.TestLeafProjectMethods.close(TestLeafProjectMethods.java:28)
at wdMethods.TestLeafProjectMethods.close(TestLeafProjectMethods.java:28)
at wdMethods.TestLeafProjectMethods.close(TestLeafProjectMethods.java:28)
at wdMethods.TestLeafProjectMethods.close(TestLeafProjectMethods.java:28)
at wdMethods.TestLeafProjectMethods.close(TestLeafProjectMethods.java:28)
at wdMethods.TestLeafProjectMethods.close(TestLeafProjectMethods.java:28)
at wdMethods.TestLeafProjectMethods.close(TestLeafProjectMethods.java:28)
at wdMethods.TestLeafProjectMethods.close(TestLeafProjectMethods.java:28)
at wdMethods.TestLeafProjectMethods.close(TestLeafProjectMethods.java:28)
at wdMethods.TestLeafProjectMethods.close(TestLeafProjectMethods.java:28)
at wdMethods.TestLeafProjectMethods.close(TestLeafProjectMethods.java:28)
at wdMethods.TestLeafProjectMethods.close(TestLeafProjectMethods.java:28)
at wdMethods.TestLeafProjectMethods.close(TestLeafProjectMethods.java:28)
at wdMethods.TestLeafProjectMethods.close(TestLeafProjectMethods.java:28)
at wdMethods.TestLeafProjectMethods.close(TestLeafProjectMethods.java:28)
at wdMethods.TestLeafProjectMethods.close(TestLeafProjectMethods.java:28)
at wdMethods.TestLeafProjectMethods.close(TestLeafProjectMethods.java:28)
at wdMethods.TestLeafProjectMethods.close(TestLeafProjectMethods.java:28)
at wdMethods.TestLeafProjectMethods.close(TestLeafProjectMethods.java:28)
at wdMethods.TestLeafProjectMethods.close(TestLeafProjectMethods.java:28)
at wdMethods.TestLeafProjectMethods.close(TestLeafProjectMethods.java:28)
at wdMethods.TestLeafProjectMethods.close(TestLeafProjectMethods.java:28)
at wdMethods.TestLeafProjectMethods.close(TestLeafProjectMethods.java:28)
at wdMethods.TestLeafProjectMethods.close(TestLeafProjectMethods.java:28)
at wdMethods.TestLeafProjectMethods.close(TestLeafProjectMethods.java:28)
at wdMethods.TestLeafProjectMethods.close(TestLeafProjectMethods.java:28)
at wdMethods.TestLeafProjectMethods.close(TestLeafProjectMethods.java:28)
at wdMethods.TestLeafProjectMethods.close(TestLeafProjectMethods.java:28)
at wdMethods.TestLeafProjectMethods.close(TestLeafProjectMethods.java:28)
at wdMethods.TestLeafProjectMethods.close(TestLeafProjectMethods.java:28)
at wdMethods.TestLeafProjectMethods.close(TestLeafProjectMethods.java:28)
at wdMethods.TestLeafProjectMethods.close(TestLeafProjectMethods.java:28)
at wdMethods.TestLeafProjectMethods.close(TestLeafProjectMethods.java:28)
at wdMethods.TestLeafProjectMethods.close(TestLeafProjectMethods.java:28)
at wdMethods.TestLeafProjectMethods.close(TestLeafProjectMethods.java:28)
at wdMethods.TestLeafProjectMethods.close(TestLeafProjectMethods.java:28)
at wdMethods.TestLeafProjectMethods.close(TestLeafProjectMethods.java:28)
at wdMethods.TestLeafProjectMethods.close(TestLeafProjectMethods.java:28)
at wdMethods.TestLeafProjectMethods.close(TestLeafProjectMethods.java:28)
at wdMethods.TestLeafProjectMethods.close(TestLeafProjectMethods.java:28)
at wdMethods.TestLeafProjectMethods.close(TestLeafProjectMethods.java:28)
at wdMethods.TestLeafProjectMethods.close(TestLeafProjectMethods.java:28)
at wdMethods.TestLeafProjectMethods.close(TestLeafProjectMethods.java:28)
at wdMethods.TestLeafProjectMethods.close(TestLeafProjectMethods.java:28)
at wdMethods.TestLeafProjectMethods.close(TestLeafProjectMethods.java:28)
at wdMethods.TestLeafProjectMethods.close(TestLeafProjectMethods.java:28)
at wdMethods.TestLeafProjectMethods.close(TestLeafProjectMethods.java:28)
at wdMethods.TestLeafProjectMethods.close(TestLeafProjectMethods.java:28)
at wdMethods.TestLeafProjectMethods.close(TestLeafProjectMethods.java:28)
at wdMethods.TestLeafProjectMethods.close(TestLeafProjectMethods.java:28)
at wdMethods.TestLeafProjectMethods.close(TestLeafProjectMethods.java:28)
at wdMethods.TestLeafProjectMethods.close(TestLeafProjectMethods.java:28)
at wdMethods.TestLeafProjectMethods.close(TestLeafProjectMethods.java:28)
at wdMethods.TestLeafProjectMethods.close(TestLeafProjectMethods.java:28)
at wdMethods.TestLeafProjectMethods.close(TestLeafProjectMethods.java:28)
at wdMethods.TestLeafProjectMethods.close(TestLeafProjectMethods.java:28)
at wdMethods.TestLeafProjectMethods.close(TestLeafProjectMethods.java:28)
at wdMethods.TestLeafProjectMethods.close(TestLeafProjectMethods.java:28)
at wdMethods.TestLeafProjectMethods.close(TestLeafProjectMethods.java:28)
at wdMethods.TestLeafProjectMethods.close(TestLeafProjectMethods.java:28)
at wdMethods.TestLeafProjectMethods.close(TestLeafProjectMethods.java:28)
at wdMethods.TestLeafProjectMethods.close(TestLeafProjectMethods.java:28)
at wdMethods.TestLeafProjectMethods.close(TestLeafProjectMethods.java:28)
at wdMethods.TestLeafProjectMethods.close(TestLeafProjectMethods.java:28)
at wdMethods.TestLeafProjectMethods.close(TestLeafProjectMethods.java:28)
at wdMethods.TestLeafProjectMethods.close(TestLeafProjectMethods.java:28)
at wdMethods.TestLeafProjectMethods.close(TestLeafProjectMethods.java:28)
at wdMethods.TestLeafProjectMethods.close(TestLeafProjectMethods.java:28)
at wdMethods.TestLeafProjectMethods.close(TestLeafProjectMethods.java:28)
at wdMethods.TestLeafProjectMethods.close(TestLeafProjectMethods.java:28)
at wdMethods.TestLeafProjectMethods.close(TestLeafProjectMethods.java:28)
at wdMethods.TestLeafProjectMethods.close(TestLeafProjectMethods.java:28)
at wdMethods.TestLeafProjectMethods.close(TestLeafProjectMethods.java:28)
at wdMethods.TestLeafProjectMethods.close(TestLeafProjectMethods.java:28)
at wdMethods.TestLeafProjectMethods.close(TestLeafProjectMethods.java:28)
at wdMethods.TestLeafProjectMethods.close(TestLeafProjectMethods.java:28)
at wdMethods.TestLeafProjectMethods.close(TestLeafProjectMethods.java:28)
at wdMethods.TestLeafProjectMethods.close(TestLeafProjectMethods.java:28)
at wdMethods.TestLeafProjectMethods.close(TestLeafProjectMethods.java:28)
at wdMethods.TestLeafProjectMethods.close(TestLeafProjectMethods.java:28)
at wdMethods.TestLeafProjectMethods.close(TestLeafProjectMethods.java:28)
at wdMethods.TestLeafProjectMethods.close(TestLeafProjectMethods.java:28)
at wdMethods.TestLeafProjectMethods.close(TestLeafProjectMethods.java:28)
at wdMethods.TestLeafProjectMethods.close(TestLeafProjectMethods.java:28)
at wdMethods.TestLeafProjectMethods.close(TestLeafProjectMethods.java:28)
at wdMethods.TestLeafProjectMethods.close(TestLeafProjectMethods.java:28)
at wdMethods.TestLeafProjectMethods.close(TestLeafProjectMethods.java:28)
at wdMethods.TestLeafProjectMethods.close(TestLeafProjectMethods.java:28)
at wdMethods.TestLeafProjectMethods.close(TestLeafProjectMethods.java:28)
at wdMethods.TestLeafProjectMethods.close(TestLeafProjectMethods.java:28)
at wdMethods.TestLeafProjectMethods.close(TestLeafProjectMethods.java:28)
at wdMethods.TestLeafProjectMethods.close(TestLeafProjectMethods.java:28)
at wdMethods.TestLeafProjectMethods.close(TestLeafProjectMethods.java:28)
at wdMethods.TestLeafProjectMethods.close(TestLeafProjectMethods.java:28)
at wdMethods.TestLeafProjectMethods.close(TestLeafProjectMethods.java:28)
at wdMethods.TestLeafProjectMethods.close(TestLeafProjectMethods.java:28)
at wdMethods.TestLeafProjectMethods.close(TestLeafProjectMethods.java:28)
at wdMethods.TestLeafProjectMethods.close(TestLeafProjectMethods.java:28)
at wdMethods.TestLeafProjectMethods.close(TestLeafProjectMethods.java:28)
at wdMethods.TestLeafProjectMethods.close(TestLeafProjectMethods.java:28)
at wdMethods.TestLeafProjectMethods.close(TestLeafProjectMethods.java:28)
at wdMethods.TestLeafProjectMethods.close(TestLeafProjectMethods.java:28)
at wdMethods.TestLeafProjectMethods.close(TestLeafProjectMethods.java:28)
at wdMethods.TestLeafProjectMethods.close(TestLeafProjectMethods.java:28)
at wdMethods.TestLeafProjectMethods.close(TestLeafProjectMethods.java:28)
at wdMethods.TestLeafProjectMethods.close(TestLeafProjectMethods.java:28)
at wdMethods.TestLeafProjectMethods.close(TestLeafProjectMethods.java:28)
at wdMethods.TestLeafProjectMethods.close(TestLeafProjectMethods.java:28)
at wdMethods.TestLeafProjectMethods.close(TestLeafProjectMethods.java:28)
at wdMethods.TestLeafProjectMethods.close(TestLeafProjectMethods.java:28)
at wdMethods.TestLeafProjectMethods.close(TestLeafProjectMethods.java:28)
at wdMethods.TestLeafProjectMethods.close(TestLeafProjectMethods.java:28)
at wdMethods.TestLeafProjectMethods.close(TestLeafProjectMethods.java:28)
at wdMethods.TestLeafProjectMethods.close(TestLeafProjectMethods.java:28)
at wdMethods.TestLeafProjectMethods.close(TestLeafProjectMethods.java:28)
at wdMethods.TestLeafProjectMethods.close(TestLeafProjectMethods.java:28)
at wdMethods.TestLeafProjectMethods.close(TestLeafProjectMethods.java:28)
at wdMethods.TestLeafProjectMethods.close(TestLeafProjectMethods.java:28)
at wdMethods.TestLeafProjectMethods.close(TestLeafProjectMethods.java:28)
at wdMethods.TestLeafProjectMethods.close(TestLeafProjectMethods.java:28)
at wdMethods.TestLeafProjectMethods.close(TestLeafProjectMethods.java:28)
at wdMethods.TestLeafProjectMethods.close(TestLeafProjectMethods.java:28)
at wdMethods.TestLeafProjectMethods.close(TestLeafProjectMethods.java:28)
at wdMethods.TestLeafProjectMethods.close(TestLeafProjectMethods.java:28)
at wdMethods.TestLeafProjectMethods.close(TestLeafProjectMethods.java:28)
at wdMethods.TestLeafProjectMethods.close(TestLeafProjectMethods.java:28)
at wdMethods.TestLeafProjectMethods.close(TestLeafProjectMethods.java:28)
at wdMethods.TestLeafProjectMethods.close(TestLeafProjectMethods.java:28)
at wdMethods.TestLeafProjectMethods.close(TestLeafProjectMethods.java:28)
at wdMethods.TestLeafProjectMethods.close(TestLeafProjectMethods.java:28)
at wdMethods.TestLeafProjectMethods.close(TestLeafProjectMethods.java:28)
at wdMethods.TestLeafProjectMethods.close(TestLeafProjectMethods.java:28)
at wdMethods.TestLeafProjectMethods.close(TestLeafProjectMethods.java:28)
at wdMethods.TestLeafProjectMethods.close(TestLeafProjectMethods.java:28)
at wdMethods.TestLeafProjectMethods.close(TestLeafProjectMethods.java:28)
at wdMethods.TestLeafProjectMethods.close(TestLeafProjectMethods.java:28)
at wdMethods.TestLeafProjectMethods.close(TestLeafProjectMethods.java:28)
at wdMethods.TestLeafProjectMethods.close(TestLeafProjectMethods.java:28)
at wdMethods.TestLeafProjectMethods.close(TestLeafProjectMethods.java:28)
at wdMethods.TestLeafProjectMethods.close(TestLeafProjectMethods.java:28)
at wdMethods.TestLeafProjectMethods.close(TestLeafProjectMethods.java:28)
at wdMethods.TestLeafProjectMethods.close(TestLeafProjectMethods.java:28)
at wdMethods.TestLeafProjectMethods.close(TestLeafProjectMethods.java:28)
at wdMethods.TestLeafProjectMethods.close(TestLeafProjectMethods.java:28)
at wdMethods.TestLeafProjectMethods.close(TestLeafProjectMethods.java:28)
at wdMethods.TestLeafProjectMethods.close(TestLeafProjectMethods.java:28)
at wdMethods.TestLeafProjectMethods.close(TestLeafProjectMethods.java:28)
at wdMethods.TestLeafProjectMethods.close(TestLeafProjectMethods.java:28)
at wdMethods.TestLeafProjectMethods.close(TestLeafProjectMethods.java:28)
at wdMethods.TestLeafProjectMethods.close(TestLeafProjectMethods.java:28)
at wdMethods.TestLeafProjectMethods.close(TestLeafProjectMethods.java:28)
at wdMethods.TestLeafProjectMethods.close(TestLeafProjectMethods.java:28)
at wdMethods.TestLeafProjectMethods.close(TestLeafProjectMethods.java:28)
at wdMethods.TestLeafProjectMethods.close(TestLeafProjectMethods.java:28)
at wdMethods.TestLeafProjectMethods.close(TestLeafProjectMethods.java:28)
at wdMethods.TestLeafProjectMethods.close(TestLeafProjectMethods.java:28)
at wdMethods.TestLeafProjectMethods.close(TestLeafProjectMethods.java:28)
at wdMethods.TestLeafProjectMethods.close(TestLeafProjectMethods.java:28)
at wdMethods.TestLeafProjectMethods.close(TestLeafProjectMethods.java:28)
at wdMethods.TestLeafProjectMethods.close(TestLeafProjectMethods.java:28)
at wdMethods.TestLeafProjectMethods.close(TestLeafProjectMethods.java:28)
at wdMethods.TestLeafProjectMethods.close(TestLeafProjectMethods.java:28)
at wdMethods.TestLeafProjectMethods.close(TestLeafProjectMethods.java:28)
at wdMethods.TestLeafProjectMethods.close(TestLeafProjectMethods.java:28)
at wdMethods.TestLeafProjectMethods.close(TestLeafProjectMethods.java:28)
at wdMethods.TestLeafProjectMethods.close(TestLeafProjectMethods.java:28)
at wdMethods.TestLeafProjectMethods.close(TestLeafProjectMethods.java:28)
at wdMethods.TestLeafProjectMethods.close(TestLeafProjectMethods.java:28)
at wdMethods.TestLeafProjectMethods.close(TestLeafProjectMethods.java:28)
at wdMethods.TestLeafProjectMethods.close(TestLeafProjectMethods.java:28)
at wdMethods.TestLeafProjectMethods.close(TestLeafProjectMethods.java:28)
at wdMethods.TestLeafProjectMethods.close(TestLeafProjectMethods.java:28)
at wdMethods.TestLeafProjectMethods.close(TestLeafProjectMethods.java:28)
at wdMethods.TestLeafProjectMethods.close(TestLeafProjectMethods.java:28)
at wdMethods.TestLeafProjectMethods.close(TestLeafProjectMethods.java:28)
at wdMethods.TestLeafProjectMethods.close(TestLeafProjectMethods.java:28)
at wdMethods.TestLeafProjectMethods.close(TestLeafProjectMethods.java:28)
at wdMethods.TestLeafProjectMethods.close(TestLeafProjectMethods.java:28)
at wdMethods.TestLeafProjectMethods.close(TestLeafProjectMethods.java:28)
at wdMethods.TestLeafProjectMethods.close(TestLeafProjectMethods.java:28)
at wdMethods.TestLeafProjectMethods.close(TestLeafProjectMethods.java:28)
at wdMethods.TestLeafProjectMethods.close(TestLeafProjectMethods.java:28)
at wdMethods.TestLeafProjectMethods.close(TestLeafProjectMethods.java:28)
at wdMethods.TestLeafProjectMethods.close(TestLeafProjectMethods.java:28)
at wdMethods.TestLeafProjectMethods.close(TestLeafProjectMethods.java:28)
at wdMethods.TestLeafProjectMethods.close(TestLeafProjectMethods.java:28)
at wdMethods.TestLeafProjectMethods.close(TestLeafProjectMethods.java:28)
at wdMethods.TestLeafProjectMethods.close(TestLeafProjectMethods.java:28)
at wdMethods.TestLeafProjectMethods.close(TestLeafProjectMethods.java:28)
at wdMethods.TestLeafProjectMethods.close(TestLeafProjectMethods.java:28)
at wdMethods.TestLeafProjectMethods.close(TestLeafProjectMethods.java:28)
at wdMethods.TestLeafProjectMethods.close(TestLeafProjectMethods.java:28)
at wdMethods.TestLeafProjectMethods.close(TestLeafProjectMethods.java:28)
at wdMethods.TestLeafProjectMethods.close(TestLeafProjectMethods.java:28)
at wdMethods.TestLeafProjectMethods.close(TestLeafProjectMethods.java:28)
at wdMethods.TestLeafProjectMethods.close(TestLeafProjectMethods.java:28)
at wdMethods.TestLeafProjectMethods.close(TestLeafProjectMethods.java:28)
at wdMethods.TestLeafProjectMethods.close(TestLeafProjectMethods.java:28)
at wdMethods.TestLeafProjectMethods.close(TestLeafProjectMethods.java:28)
at wdMethods.TestLeafProjectMethods.close(TestLeafProjectMethods.java:28)
at wdMethods.TestLeafProjectMethods.close(TestLeafProjectMethods.java:28)
at wdMethods.TestLeafProjectMethods.close(TestLeafProjectMethods.java:28)
at wdMethods.TestLeafProjectMethods.close(TestLeafProjectMethods.java:28)
at wdMethods.TestLeafProjectMethods.close(TestLeafProjectMethods.java:28)
at wdMethods.TestLeafProjectMethods.close(TestLeafProjectMethods.java:28)
at wdMethods.TestLeafProjectMethods.close(TestLeafProjectMethods.java:28)
at wdMethods.TestLeafProjectMethods.close(TestLeafProjectMethods.java:28)
at wdMethods.TestLeafProjectMethods.close(TestLeafProjectMethods.java:28)
at wdMethods.TestLeafProjectMethods.close(TestLeafProjectMethods.java:28)
at wdMethods.TestLeafProjectMethods.close(TestLeafProjectMethods.java:28)
at wdMethods.TestLeafProjectMethods.close(TestLeafProjectMethods.java:28)
at wdMethods.TestLeafProjectMethods.close(TestLeafProjectMethods.java:28)
at wdMethods.TestLeafProjectMethods.close(TestLeafProjectMethods.java:28)
at wdMethods.TestLeafProjectMethods.close(TestLeafProjectMethods.java:28)
at wdMethods.TestLeafProjectMethods.close(TestLeafProjectMethods.java:28)
at wdMethods.TestLeafProjectMethods.close(TestLeafProjectMethods.java:28)
at wdMethods.TestLeafProjectMethods.close(TestLeafProjectMethods.java:28)
at wdMethods.TestLeafProjectMethods.close(TestLeafProjectMethods.java:28)
at wdMethods.TestLeafProjectMethods.close(TestLeafProjectMethods.java:28)
at wdMethods.TestLeafProjectMethods.close(TestLeafProjectMethods.java:28)
at wdMethods.TestLeafProjectMethods.close(TestLeafProjectMethods.java:28)
at wdMethods.TestLeafProjectMethods.close(TestLeafProjectMethods.java:28)
at wdMethods.TestLeafProjectMethods.close(TestLeafProjectMethods.java:28)
at wdMethods.TestLeafProjectMethods.close(TestLeafProjectMethods.java:28)
at wdMethods.TestLeafProjectMethods.close(TestLeafProjectMethods.java:28)
at wdMethods.TestLeafProjectMethods.close(TestLeafProjectMethods.java:28)
at wdMethods.TestLeafProjectMethods.close(TestLeafProjectMethods.java:28)
at wdMethods.TestLeafProjectMethods.close(TestLeafProjectMethods.java:28)
at wdMethods.TestLeafProjectMethods.close(TestLeafProjectMethods.java:28)
at wdMethods.TestLeafProjectMethods.close(TestLeafProjectMethods.java:28)
at wdMethods.TestLeafProjectMethods.close(TestLeafProjectMethods.java:28)
at wdMethods.TestLeafProjectMethods.close(TestLeafProjectMethods.java:28)
at wdMethods.TestLeafProjectMethods.close(TestLeafProjectMethods.java:28)
at wdMethods.TestLeafProjectMethods.close(TestLeafProjectMethods.java:28)
at wdMethods.TestLeafProjectMethods.close(TestLeafProjectMethods.java:28)
at wdMethods.TestLeafProjectMethods.close(TestLeafProjectMethods.java:28)
at wdMethods.TestLeafProjectMethods.close(TestLeafProjectMethods.java:28)
at wdMethods.TestLeafProjectMethods.close(TestLeafProjectMethods.java:28)
at wdMethods.TestLeafProjectMethods.close(TestLeafProjectMethods.java:28)
at wdMethods.TestLeafProjectMethods.close(TestLeafProjectMethods.java:28)
at wdMethods.TestLeafProjectMethods.close(TestLeafProjectMethods.java:28)
at wdMethods.TestLeafProjectMethods.close(TestLeafProjectMethods.java:28)
at wdMethods.TestLeafProjectMethods.close(TestLeafProjectMethods.java:28)
at wdMethods.TestLeafProjectMethods.close(TestLeafProjectMethods.java:28)
at wdMethods.TestLeafProjectMethods.close(TestLeafProjectMethods.java:28)
at wdMethods.TestLeafProjectMethods.close(TestLeafProjectMethods.java:28)
at wdMethods.TestLeafProjectMethods.close(TestLeafProjectMethods.java:28)
at wdMethods.TestLeafProjectMethods.close(TestLeafProjectMethods.java:28)
at wdMethods.TestLeafProjectMethods.close(TestLeafProjectMethods.java:28)
at wdMethods.TestLeafProjectMethods.close(TestLeafProjectMethods.java:28)
at wdMethods.TestLeafProjectMethods.close(TestLeafProjectMethods.java:28)
at wdMethods.TestLeafProjectMethods.close(TestLeafProjectMethods.java:28)
at wdMethods.TestLeafProjectMethods.close(TestLeafProjectMethods.java:28)
at wdMethods.TestLeafProjectMethods.close(TestLeafProjectMethods.java:28)
at wdMethods.TestLeafProjectMethods.close(TestLeafProjectMethods.java:28)
at wdMethods.TestLeafProjectMethods.close(TestLeafProjectMethods.java:28)
at wdMethods.TestLeafProjectMethods.close(TestLeafProjectMethods.java:28)
at wdMethods.TestLeafProjectMethods.close(TestLeafProjectMethods.java:28)
at wdMethods.TestLeafProjectMethods.close(TestLeafProjectMethods.java:28)
at wdMethods.TestLeafProjectMethods.close(TestLeafProjectMethods.java:28)
at wdMethods.TestLeafProjectMethods.close(TestLeafProjectMethods.java:28)
at wdMethods.TestLeafProjectMethods.close(TestLeafProjectMethods.java:28)
at wdMethods.TestLeafProjectMethods.close(TestLeafProjectMethods.java:28)
at wdMethods.TestLeafProjectMethods.close(TestLeafProjectMethods.java:28)
at wdMethods.TestLeafProjectMethods.close(TestLeafProjectMethods.java:28)
at wdMethods.TestLeafProjectMethods.close(TestLeafProjectMethods.java:28)
at wdMethods.TestLeafProjectMethods.close(TestLeafProjectMethods.java:28)
at wdMethods.TestLeafProjectMethods.close(TestLeafProjectMethods.java:28)
at wdMethods.TestLeafProjectMethods.close(TestLeafProjectMethods.java:28)
at wdMethods.TestLeafProjectMethods.close(TestLeafProjectMethods.java:28)
at wdMethods.TestLeafProjectMethods.close(TestLeafProjectMethods.java:28)
at wdMethods.TestLeafProjectMethods.close(TestLeafProjectMethods.java:28)
at wdMethods.TestLeafProjectMethods.close(TestLeafProjectMethods.java:28)
at wdMethods.TestLeafProjectMethods.close(TestLeafProjectMethods.java:28)
at wdMethods.TestLeafProjectMethods.close(TestLeafProjectMethods.java:28)
at wdMethods.TestLeafProjectMethods.close(TestLeafProjectMethods.java:28)
at wdMethods.TestLeafProjectMethods.close(TestLeafProjectMethods.java:28)
at wdMethods.TestLeafProjectMethods.close(TestLeafProjectMethods.java:28)
]]>
    </error>
  </testcase> <!-- close -->
</testsuite> <!-- parameter.CreateLeadWdMethodsImple -->
