<?xml version="1.0" encoding="UTF-8"?>
<!-- Generated by org.testng.reporters.JUnitReportReporter -->
<testsuite skipped="0" hostname="sekhar" name="week4day4.testng.EditLeadWdMethodsImple1" tests="1" failures="0" timestamp="03 Apr 2018 17:55:02 GMT" time="79.123" errors="0">
  <testcase name="editLead" time="79.123" classname="week4day4.testng.EditLeadWdMethodsImple1"/>
</testsuite> <!-- week4day4.testng.EditLeadWdMethodsImple1 -->
