<?xml version="1.0" encoding="UTF-8"?>
<!-- Generated by org.testng.reporters.JUnitReportReporter -->
<testsuite skipped="1" hostname="sekhar" name="week4day4.testng.classes.depens.count.EditLeadWdMethodsImple1" tests="1" failures="0" timestamp="05 Apr 2018 18:59:21 GMT" time="0.000" errors="0">
  <testcase name="editLead" time="0.000" classname="week4day4.testng.classes.depens.count.EditLeadWdMethodsImple1">
    <skipped/>
  </testcase> <!-- editLead -->
</testsuite> <!-- week4day4.testng.classes.depens.count.EditLeadWdMethodsImple1 -->
