<?xml version="1.0" encoding="UTF-8"?>
<!-- Generated by org.testng.reporters.JUnitReportReporter -->
<testsuite skipped="0" hostname="sekhar" name="learningTestNG.MethodsInParallel" tests="2" failures="0" timestamp="03 Apr 2018 18:07:30 GMT" time="0.032" errors="0">
  <testcase name="testCaseOne" time="0.016" classname="learningTestNG.MethodsInParallel"/>
  <testcase name="testCaseTwo" time="0.016" classname="learningTestNG.MethodsInParallel"/>
</testsuite> <!-- learningTestNG.MethodsInParallel -->
